{"meta": {"format": 3, "version": "7.10.2", "timestamp": "2025-08-10T15:46:28.339374", "branch_coverage": false, "show_contexts": false}, "files": {"app/__init__.py": {"executed_lines": [0], "summary": {"covered_lines": 0, "num_statements": 0, "percent_covered": 100.0, "percent_covered_display": "100", "missing_lines": 0, "excluded_lines": 0}, "missing_lines": [], "excluded_lines": [], "functions": {"": {"executed_lines": [], "summary": {"covered_lines": 0, "num_statements": 0, "percent_covered": 100.0, "percent_covered_display": "100", "missing_lines": 0, "excluded_lines": 0}, "missing_lines": [], "excluded_lines": []}}, "classes": {"": {"executed_lines": [], "summary": {"covered_lines": 0, "num_statements": 0, "percent_covered": 100.0, "percent_covered_display": "100", "missing_lines": 0, "excluded_lines": 0}, "missing_lines": [], "excluded_lines": []}}}, "app/api/__init__.py": {"executed_lines": [], "summary": {"covered_lines": 0, "num_statements": 0, "percent_covered": 100.0, "percent_covered_display": "100", "missing_lines": 0, "excluded_lines": 0}, "missing_lines": [], "excluded_lines": [], "functions": {"": {"executed_lines": [], "summary": {"covered_lines": 0, "num_statements": 0, "percent_covered": 100.0, "percent_covered_display": "100", "missing_lines": 0, "excluded_lines": 0}, "missing_lines": [], "excluded_lines": []}}, "classes": {"": {"executed_lines": [], "summary": {"covered_lines": 0, "num_statements": 0, "percent_covered": 100.0, "percent_covered_display": "100", "missing_lines": 0, "excluded_lines": 0}, "missing_lines": [], "excluded_lines": []}}}, "app/api/middleware/__init__.py": {"executed_lines": [], "summary": {"covered_lines": 0, "num_statements": 4, "percent_covered": 0.0, "percent_covered_display": "0", "missing_lines": 4, "excluded_lines": 0}, "missing_lines": [1, 2, 3, 5], "excluded_lines": [], "functions": {"": {"executed_lines": [], "summary": {"covered_lines": 0, "num_statements": 4, "percent_covered": 0.0, "percent_covered_display": "0", "missing_lines": 4, "excluded_lines": 0}, "missing_lines": [1, 2, 3, 5], "excluded_lines": []}}, "classes": {"": {"executed_lines": [], "summary": {"covered_lines": 0, "num_statements": 4, "percent_covered": 0.0, "percent_covered_display": "0", "missing_lines": 4, "excluded_lines": 0}, "missing_lines": [1, 2, 3, 5], "excluded_lines": []}}}, "app/api/middleware/auth.py": {"executed_lines": [], "summary": {"covered_lines": 0, "num_statements": 105, "percent_covered": 0.0, "percent_covered_display": "0", "missing_lines": 105, "excluded_lines": 0}, "missing_lines": [3, 4, 5, 6, 8, 9, 10, 11, 13, 16, 19, 25, 26, 28, 41, 42, 45, 46, 47, 50, 52, 54, 57, 58, 59, 60, 65, 66, 73, 75, 77, 82, 83, 90, 93, 100, 101, 103, 105, 115, 116, 117, 118, 119, 122, 123, 124, 127, 128, 129, 134, 136, 138, 148, 149, 150, 153, 161, 162, 165, 166, 168, 170, 179, 182, 183, 184, 187, 188, 189, 190, 196, 198, 200, 210, 211, 212, 214, 215, 216, 219, 222, 225, 227, 231, 232, 235, 246, 249, 261, 262, 266, 270, 279, 282, 291, 294, 308, 309, 311, 312, 319, 320, 323, 325], "excluded_lines": [], "functions": {"OptionalAPIKeyAuth.__init__": {"executed_lines": [], "summary": {"covered_lines": 0, "num_statements": 2, "percent_covered": 0.0, "percent_covered_display": "0", "missing_lines": 2, "excluded_lines": 0}, "missing_lines": [25, 26], "excluded_lines": []}, "OptionalAPIKeyAuth.__call__": {"executed_lines": [], "summary": {"covered_lines": 0, "num_statements": 24, "percent_covered": 0.0, "percent_covered_display": "0", "missing_lines": 24, "excluded_lines": 0}, "missing_lines": [41, 42, 45, 46, 47, 50, 52, 54, 57, 58, 59, 60, 65, 66, 73, 75, 77, 82, 83, 90, 93, 100, 101, 103], "excluded_lines": []}, "OptionalAPIKeyAuth._extract_api_key": {"executed_lines": [], "summary": {"covered_lines": 0, "num_statements": 13, "percent_covered": 0.0, "percent_covered_display": "0", "missing_lines": 13, "excluded_lines": 0}, "missing_lines": [115, 116, 117, 118, 119, 122, 123, 124, 127, 128, 129, 134, 136], "excluded_lines": []}, "OptionalAPIKeyAuth._should_bypass_auth": {"executed_lines": [], "summary": {"covered_lines": 0, "num_statements": 9, "percent_covered": 0.0, "percent_covered_display": "0", "missing_lines": 9, "excluded_lines": 0}, "missing_lines": [148, 149, 150, 153, 161, 162, 165, 166, 168], "excluded_lines": []}, "OptionalAPIKeyAuth._is_whitelisted_request": {"executed_lines": [], "summary": {"covered_lines": 0, "num_statements": 10, "percent_covered": 0.0, "percent_covered_display": "0", "missing_lines": 10, "excluded_lines": 0}, "missing_lines": [179, 182, 183, 184, 187, 188, 189, 190, 196, 198], "excluded_lines": []}, "OptionalAPIKeyAuth._get_client_ip": {"executed_lines": [], "summary": {"covered_lines": 0, "num_statements": 7, "percent_covered": 0.0, "percent_covered_display": "0", "missing_lines": 7, "excluded_lines": 0}, "missing_lines": [210, 211, 212, 214, 215, 216, 219], "excluded_lines": []}, "RequiredAPIKeyAuth.__init__": {"executed_lines": [], "summary": {"covered_lines": 0, "num_statements": 1, "percent_covered": 0.0, "percent_covered_display": "0", "missing_lines": 1, "excluded_lines": 0}, "missing_lines": [227], "excluded_lines": []}, "get_current_api_key": {"executed_lines": [], "summary": {"covered_lines": 0, "num_statements": 1, "percent_covered": 0.0, "percent_covered_display": "0", "missing_lines": 1, "excluded_lines": 0}, "missing_lines": [246], "excluded_lines": []}, "require_api_key": {"executed_lines": [], "summary": {"covered_lines": 0, "num_statements": 3, "percent_covered": 0.0, "percent_covered_display": "0", "missing_lines": 3, "excluded_lines": 0}, "missing_lines": [261, 262, 266], "excluded_lines": []}, "is_authenticated": {"executed_lines": [], "summary": {"covered_lines": 0, "num_statements": 1, "percent_covered": 0.0, "percent_covered_display": "0", "missing_lines": 1, "excluded_lines": 0}, "missing_lines": [279], "excluded_lines": []}, "get_api_key_from_request": {"executed_lines": [], "summary": {"covered_lines": 0, "num_statements": 1, "percent_covered": 0.0, "percent_covered_display": "0", "missing_lines": 1, "excluded_lines": 0}, "missing_lines": [291], "excluded_lines": []}, "auth_middleware": {"executed_lines": [], "summary": {"covered_lines": 0, "num_statements": 8, "percent_covered": 0.0, "percent_covered_display": "0", "missing_lines": 8, "excluded_lines": 0}, "missing_lines": [308, 309, 311, 312, 319, 320, 323, 325], "excluded_lines": []}, "": {"executed_lines": [], "summary": {"covered_lines": 0, "num_statements": 25, "percent_covered": 0.0, "percent_covered_display": "0", "missing_lines": 25, "excluded_lines": 0}, "missing_lines": [3, 4, 5, 6, 8, 9, 10, 11, 13, 16, 19, 28, 105, 138, 170, 200, 222, 225, 231, 232, 235, 249, 270, 282, 294], "excluded_lines": []}}, "classes": {"OptionalAPIKeyAuth": {"executed_lines": [], "summary": {"covered_lines": 0, "num_statements": 65, "percent_covered": 0.0, "percent_covered_display": "0", "missing_lines": 65, "excluded_lines": 0}, "missing_lines": [25, 26, 41, 42, 45, 46, 47, 50, 52, 54, 57, 58, 59, 60, 65, 66, 73, 75, 77, 82, 83, 90, 93, 100, 101, 103, 115, 116, 117, 118, 119, 122, 123, 124, 127, 128, 129, 134, 136, 148, 149, 150, 153, 161, 162, 165, 166, 168, 179, 182, 183, 184, 187, 188, 189, 190, 196, 198, 210, 211, 212, 214, 215, 216, 219], "excluded_lines": []}, "RequiredAPIKeyAuth": {"executed_lines": [], "summary": {"covered_lines": 0, "num_statements": 1, "percent_covered": 0.0, "percent_covered_display": "0", "missing_lines": 1, "excluded_lines": 0}, "missing_lines": [227], "excluded_lines": []}, "": {"executed_lines": [], "summary": {"covered_lines": 0, "num_statements": 39, "percent_covered": 0.0, "percent_covered_display": "0", "missing_lines": 39, "excluded_lines": 0}, "missing_lines": [3, 4, 5, 6, 8, 9, 10, 11, 13, 16, 19, 28, 105, 138, 170, 200, 222, 225, 231, 232, 235, 246, 249, 261, 262, 266, 270, 279, 282, 291, 294, 308, 309, 311, 312, 319, 320, 323, 325], "excluded_lines": []}}}, "app/api/middleware/error_handler.py": {"executed_lines": [], "summary": {"covered_lines": 0, "num_statements": 72, "percent_covered": 0.0, "percent_covered_display": "0", "missing_lines": 72, "excluded_lines": 0}, "missing_lines": [1, 2, 3, 4, 5, 6, 7, 8, 9, 10, 12, 13, 14, 16, 19, 21, 22, 24, 25, 26, 27, 28, 31, 34, 35, 36, 37, 40, 41, 45, 46, 47, 50, 51, 52, 53, 54, 55, 62, 63, 64, 65, 66, 67, 72, 73, 74, 77, 79, 80, 87, 89, 95, 102, 110, 117, 120, 121, 122, 123, 125, 126, 129, 130, 132, 133, 134, 135, 137, 138, 139, 140], "excluded_lines": [], "functions": {"error_handler_middleware": {"executed_lines": [], "summary": {"covered_lines": 0, "num_statements": 7, "percent_covered": 0.0, "percent_covered_display": "0", "missing_lines": 7, "excluded_lines": 0}, "missing_lines": [21, 22, 24, 25, 26, 27, 28], "excluded_lines": []}, "handle_exception": {"executed_lines": [], "summary": {"covered_lines": 0, "num_statements": 32, "percent_covered": 0.0, "percent_covered_display": "0", "missing_lines": 32, "excluded_lines": 0}, "missing_lines": [34, 35, 36, 37, 40, 41, 45, 46, 47, 50, 51, 52, 53, 54, 55, 62, 63, 64, 65, 66, 67, 72, 73, 74, 77, 79, 80, 87, 89, 95, 102, 110], "excluded_lines": []}, "setup_exception_handlers": {"executed_lines": [], "summary": {"covered_lines": 0, "num_statements": 8, "percent_covered": 0.0, "percent_covered_display": "0", "missing_lines": 8, "excluded_lines": 0}, "missing_lines": [120, 121, 125, 126, 132, 133, 137, 138], "excluded_lines": []}, "setup_exception_handlers.custom_exception_handler": {"executed_lines": [], "summary": {"covered_lines": 0, "num_statements": 2, "percent_covered": 0.0, "percent_covered_display": "0", "missing_lines": 2, "excluded_lines": 0}, "missing_lines": [122, 123], "excluded_lines": []}, "setup_exception_handlers.validation_exception_handler": {"executed_lines": [], "summary": {"covered_lines": 0, "num_statements": 2, "percent_covered": 0.0, "percent_covered_display": "0", "missing_lines": 2, "excluded_lines": 0}, "missing_lines": [129, 130], "excluded_lines": []}, "setup_exception_handlers.http_exception_handler": {"executed_lines": [], "summary": {"covered_lines": 0, "num_statements": 2, "percent_covered": 0.0, "percent_covered_display": "0", "missing_lines": 2, "excluded_lines": 0}, "missing_lines": [134, 135], "excluded_lines": []}, "setup_exception_handlers.general_exception_handler": {"executed_lines": [], "summary": {"covered_lines": 0, "num_statements": 2, "percent_covered": 0.0, "percent_covered_display": "0", "missing_lines": 2, "excluded_lines": 0}, "missing_lines": [139, 140], "excluded_lines": []}, "": {"executed_lines": [], "summary": {"covered_lines": 0, "num_statements": 17, "percent_covered": 0.0, "percent_covered_display": "0", "missing_lines": 17, "excluded_lines": 0}, "missing_lines": [1, 2, 3, 4, 5, 6, 7, 8, 9, 10, 12, 13, 14, 16, 19, 31, 117], "excluded_lines": []}}, "classes": {"": {"executed_lines": [], "summary": {"covered_lines": 0, "num_statements": 72, "percent_covered": 0.0, "percent_covered_display": "0", "missing_lines": 72, "excluded_lines": 0}, "missing_lines": [1, 2, 3, 4, 5, 6, 7, 8, 9, 10, 12, 13, 14, 16, 19, 21, 22, 24, 25, 26, 27, 28, 31, 34, 35, 36, 37, 40, 41, 45, 46, 47, 50, 51, 52, 53, 54, 55, 62, 63, 64, 65, 66, 67, 72, 73, 74, 77, 79, 80, 87, 89, 95, 102, 110, 117, 120, 121, 122, 123, 125, 126, 129, 130, 132, 133, 134, 135, 137, 138, 139, 140], "excluded_lines": []}}}, "app/api/middleware/logging.py": {"executed_lines": [], "summary": {"covered_lines": 0, "num_statements": 42, "percent_covered": 0.0, "percent_covered_display": "0", "missing_lines": 42, "excluded_lines": 0}, "missing_lines": [1, 2, 3, 4, 6, 7, 9, 12, 21, 24, 29, 32, 35, 36, 38, 41, 43, 46, 47, 50, 58, 59, 61, 63, 66, 69, 70, 73, 81, 82, 87, 90, 92, 94, 101, 103, 110, 112, 114, 116, 119, 127], "excluded_lines": [], "functions": {"_sanitize_endpoint_path": {"executed_lines": [], "summary": {"covered_lines": 0, "num_statements": 7, "percent_covered": 0.0, "percent_covered_display": "0", "missing_lines": 7, "excluded_lines": 0}, "missing_lines": [21, 24, 29, 32, 35, 36, 38], "excluded_lines": []}, "logging_middleware": {"executed_lines": [], "summary": {"covered_lines": 0, "num_statements": 26, "percent_covered": 0.0, "percent_covered_display": "0", "missing_lines": 26, "excluded_lines": 0}, "missing_lines": [43, 46, 47, 50, 58, 59, 61, 63, 66, 69, 70, 73, 81, 82, 87, 90, 92, 94, 101, 103, 110, 112, 114, 116, 119, 127], "excluded_lines": []}, "": {"executed_lines": [], "summary": {"covered_lines": 0, "num_statements": 9, "percent_covered": 0.0, "percent_covered_display": "0", "missing_lines": 9, "excluded_lines": 0}, "missing_lines": [1, 2, 3, 4, 6, 7, 9, 12, 41], "excluded_lines": []}}, "classes": {"": {"executed_lines": [], "summary": {"covered_lines": 0, "num_statements": 42, "percent_covered": 0.0, "percent_covered_display": "0", "missing_lines": 42, "excluded_lines": 0}, "missing_lines": [1, 2, 3, 4, 6, 7, 9, 12, 21, 24, 29, 32, 35, 36, 38, 41, 43, 46, 47, 50, 58, 59, 61, 63, 66, 69, 70, 73, 81, 82, 87, 90, 92, 94, 101, 103, 110, 112, 114, 116, 119, 127], "excluded_lines": []}}}, "app/api/middleware/rate_limit.py": {"executed_lines": [], "summary": {"covered_lines": 0, "num_statements": 39, "percent_covered": 0.0, "percent_covered_display": "0", "missing_lines": 39, "excluded_lines": 0}, "missing_lines": [6, 7, 8, 9, 12, 14, 17, 20, 21, 22, 23, 24, 26, 28, 29, 32, 33, 38, 41, 42, 45, 46, 48, 50, 51, 52, 54, 56, 58, 59, 60, 62, 66, 68, 70, 71, 73, 74, 75], "excluded_lines": [], "functions": {"RateLimiter.__init__": {"executed_lines": [], "summary": {"covered_lines": 0, "num_statements": 4, "percent_covered": 0.0, "percent_covered_display": "0", "missing_lines": 4, "excluded_lines": 0}, "missing_lines": [21, 22, 23, 24], "excluded_lines": []}, "RateLimiter.check_rate_limit": {"executed_lines": [], "summary": {"covered_lines": 0, "num_statements": 9, "percent_covered": 0.0, "percent_covered_display": "0", "missing_lines": 9, "excluded_lines": 0}, "missing_lines": [28, 29, 32, 33, 38, 41, 42, 45, 46], "excluded_lines": []}, "RateLimiter.reset": {"executed_lines": [], "summary": {"covered_lines": 0, "num_statements": 4, "percent_covered": 0.0, "percent_covered_display": "0", "missing_lines": 4, "excluded_lines": 0}, "missing_lines": [50, 51, 52, 54], "excluded_lines": []}, "RateLimiter.get_remaining_requests": {"executed_lines": [], "summary": {"covered_lines": 0, "num_statements": 5, "percent_covered": 0.0, "percent_covered_display": "0", "missing_lines": 5, "excluded_lines": 0}, "missing_lines": [58, 59, 60, 62, 66], "excluded_lines": []}, "RateLimiter.get_reset_time": {"executed_lines": [], "summary": {"covered_lines": 0, "num_statements": 5, "percent_covered": 0.0, "percent_covered_display": "0", "missing_lines": 5, "excluded_lines": 0}, "missing_lines": [70, 71, 73, 74, 75], "excluded_lines": []}, "": {"executed_lines": [], "summary": {"covered_lines": 0, "num_statements": 12, "percent_covered": 0.0, "percent_covered_display": "0", "missing_lines": 12, "excluded_lines": 0}, "missing_lines": [6, 7, 8, 9, 12, 14, 17, 20, 26, 48, 56, 68], "excluded_lines": []}}, "classes": {"RateLimitExceeded": {"executed_lines": [], "summary": {"covered_lines": 0, "num_statements": 0, "percent_covered": 100.0, "percent_covered_display": "100", "missing_lines": 0, "excluded_lines": 0}, "missing_lines": [], "excluded_lines": []}, "RateLimiter": {"executed_lines": [], "summary": {"covered_lines": 0, "num_statements": 27, "percent_covered": 0.0, "percent_covered_display": "0", "missing_lines": 27, "excluded_lines": 0}, "missing_lines": [21, 22, 23, 24, 28, 29, 32, 33, 38, 41, 42, 45, 46, 50, 51, 52, 54, 58, 59, 60, 62, 66, 70, 71, 73, 74, 75], "excluded_lines": []}, "": {"executed_lines": [], "summary": {"covered_lines": 0, "num_statements": 12, "percent_covered": 0.0, "percent_covered_display": "0", "missing_lines": 12, "excluded_lines": 0}, "missing_lines": [6, 7, 8, 9, 12, 14, 17, 20, 26, 48, 56, 68], "excluded_lines": []}}}, "app/api/middleware/validation.py": {"executed_lines": [], "summary": {"covered_lines": 0, "num_statements": 152, "percent_covered": 0.0, "percent_covered_display": "0", "missing_lines": 152, "excluded_lines": 0}, "missing_lines": [3, 4, 5, 6, 8, 9, 10, 12, 13, 14, 16, 19, 22, 24, 25, 26, 27, 30, 31, 32, 33, 35, 37, 38, 41, 42, 44, 47, 48, 50, 51, 54, 55, 58, 59, 62, 65, 66, 68, 70, 73, 74, 76, 78, 79, 80, 83, 85, 98, 99, 100, 103, 105, 107, 108, 110, 111, 113, 115, 117, 121, 123, 125, 126, 127, 128, 129, 133, 134, 136, 138, 140, 141, 144, 153, 154, 160, 164, 166, 167, 168, 170, 172, 175, 177, 186, 187, 190, 191, 192, 195, 196, 197, 199, 201, 203, 205, 208, 211, 214, 215, 225, 238, 239, 241, 244, 245, 248, 249, 250, 256, 268, 269, 270, 276, 288, 289, 290, 296, 308, 310, 311, 317, 330, 333, 337, 338, 339, 342, 343, 344, 347, 350, 351, 354, 355, 356, 357, 362, 363, 364, 367, 372, 373, 375, 377, 379, 380, 381, 382, 388, 400], "excluded_lines": [], "functions": {"RequestValidator.__init__": {"executed_lines": [], "summary": {"covered_lines": 0, "num_statements": 8, "percent_covered": 0.0, "percent_covered_display": "0", "missing_lines": 8, "excluded_lines": 0}, "missing_lines": [24, 25, 26, 27, 30, 31, 32, 33], "excluded_lines": []}, "RequestValidator._cleanup_old_requests": {"executed_lines": [], "summary": {"covered_lines": 0, "num_statements": 17, "percent_covered": 0.0, "percent_covered_display": "0", "missing_lines": 17, "excluded_lines": 0}, "missing_lines": [37, 38, 41, 42, 44, 47, 48, 50, 51, 54, 55, 58, 59, 62, 65, 66, 68], "excluded_lines": []}, "RequestValidator._get_client_ip": {"executed_lines": [], "summary": {"covered_lines": 0, "num_statements": 7, "percent_covered": 0.0, "percent_covered_display": "0", "missing_lines": 7, "excluded_lines": 0}, "missing_lines": [73, 74, 76, 78, 79, 80, 83], "excluded_lines": []}, "RequestValidator._is_rate_limited": {"executed_lines": [], "summary": {"covered_lines": 0, "num_statements": 12, "percent_covered": 0.0, "percent_covered_display": "0", "missing_lines": 12, "excluded_lines": 0}, "missing_lines": [98, 99, 100, 103, 105, 107, 108, 110, 111, 113, 115, 117], "excluded_lines": []}, "RequestValidator._validate_request_size": {"executed_lines": [], "summary": {"covered_lines": 0, "num_statements": 9, "percent_covered": 0.0, "percent_covered_display": "0", "missing_lines": 9, "excluded_lines": 0}, "missing_lines": [123, 125, 126, 127, 128, 129, 133, 134, 136], "excluded_lines": []}, "RequestValidator._validate_content_type": {"executed_lines": [], "summary": {"covered_lines": 0, "num_statements": 11, "percent_covered": 0.0, "percent_covered_display": "0", "missing_lines": 11, "excluded_lines": 0}, "missing_lines": [140, 141, 144, 153, 154, 160, 164, 166, 167, 168, 170], "excluded_lines": []}, "RequestValidator._validate_headers": {"executed_lines": [], "summary": {"covered_lines": 0, "num_statements": 11, "percent_covered": 0.0, "percent_covered_display": "0", "missing_lines": 11, "excluded_lines": 0}, "missing_lines": [175, 177, 186, 187, 190, 191, 192, 195, 196, 197, 199], "excluded_lines": []}, "RequestValidator.validate_request": {"executed_lines": [], "summary": {"covered_lines": 0, "num_statements": 28, "percent_covered": 0.0, "percent_covered_display": "0", "missing_lines": 28, "excluded_lines": 0}, "missing_lines": [203, 205, 208, 211, 214, 215, 225, 238, 239, 241, 244, 245, 248, 249, 250, 256, 268, 269, 270, 276, 288, 289, 290, 296, 308, 310, 311, 317], "excluded_lines": []}, "validation_middleware": {"executed_lines": [], "summary": {"covered_lines": 0, "num_statements": 27, "percent_covered": 0.0, "percent_covered_display": "0", "missing_lines": 27, "excluded_lines": 0}, "missing_lines": [337, 338, 339, 342, 343, 344, 347, 350, 351, 354, 355, 356, 357, 362, 363, 364, 367, 372, 373, 375, 377, 379, 380, 381, 382, 388, 400], "excluded_lines": []}, "": {"executed_lines": [], "summary": {"covered_lines": 0, "num_statements": 22, "percent_covered": 0.0, "percent_covered_display": "0", "missing_lines": 22, "excluded_lines": 0}, "missing_lines": [3, 4, 5, 6, 8, 9, 10, 12, 13, 14, 16, 19, 22, 35, 70, 85, 121, 138, 172, 201, 330, 333], "excluded_lines": []}}, "classes": {"RequestValidator": {"executed_lines": [], "summary": {"covered_lines": 0, "num_statements": 103, "percent_covered": 0.0, "percent_covered_display": "0", "missing_lines": 103, "excluded_lines": 0}, "missing_lines": [24, 25, 26, 27, 30, 31, 32, 33, 37, 38, 41, 42, 44, 47, 48, 50, 51, 54, 55, 58, 59, 62, 65, 66, 68, 73, 74, 76, 78, 79, 80, 83, 98, 99, 100, 103, 105, 107, 108, 110, 111, 113, 115, 117, 123, 125, 126, 127, 128, 129, 133, 134, 136, 140, 141, 144, 153, 154, 160, 164, 166, 167, 168, 170, 175, 177, 186, 187, 190, 191, 192, 195, 196, 197, 199, 203, 205, 208, 211, 214, 215, 225, 238, 239, 241, 244, 245, 248, 249, 250, 256, 268, 269, 270, 276, 288, 289, 290, 296, 308, 310, 311, 317], "excluded_lines": []}, "": {"executed_lines": [], "summary": {"covered_lines": 0, "num_statements": 49, "percent_covered": 0.0, "percent_covered_display": "0", "missing_lines": 49, "excluded_lines": 0}, "missing_lines": [3, 4, 5, 6, 8, 9, 10, 12, 13, 14, 16, 19, 22, 35, 70, 85, 121, 138, 172, 201, 330, 333, 337, 338, 339, 342, 343, 344, 347, 350, 351, 354, 355, 356, 357, 362, 363, 364, 367, 372, 373, 375, 377, 379, 380, 381, 382, 388, 400], "excluded_lines": []}}}, "app/api/routes/__init__.py": {"executed_lines": [], "summary": {"covered_lines": 0, "num_statements": 34, "percent_covered": 0.0, "percent_covered_display": "0", "missing_lines": 34, "excluded_lines": 0}, "missing_lines": [1, 2, 3, 4, 5, 6, 7, 8, 9, 10, 11, 14, 17, 18, 19, 20, 21, 22, 23, 24, 25, 26, 29, 32, 33, 34, 35, 36, 37, 38, 39, 40, 41, 43], "excluded_lines": [], "functions": {"": {"executed_lines": [], "summary": {"covered_lines": 0, "num_statements": 34, "percent_covered": 0.0, "percent_covered_display": "0", "missing_lines": 34, "excluded_lines": 0}, "missing_lines": [1, 2, 3, 4, 5, 6, 7, 8, 9, 10, 11, 14, 17, 18, 19, 20, 21, 22, 23, 24, 25, 26, 29, 32, 33, 34, 35, 36, 37, 38, 39, 40, 41, 43], "excluded_lines": []}}, "classes": {"": {"executed_lines": [], "summary": {"covered_lines": 0, "num_statements": 34, "percent_covered": 0.0, "percent_covered_display": "0", "missing_lines": 34, "excluded_lines": 0}, "missing_lines": [1, 2, 3, 4, 5, 6, 7, 8, 9, 10, 11, 14, 17, 18, 19, 20, 21, 22, 23, 24, 25, 26, 29, 32, 33, 34, 35, 36, 37, 38, 39, 40, 41, 43], "excluded_lines": []}}}, "app/api/routes/auth.py": {"executed_lines": [], "summary": {"covered_lines": 0, "num_statements": 142, "percent_covered": 0.0, "percent_covered_display": "0", "missing_lines": 142, "excluded_lines": 0}, "missing_lines": [3, 4, 5, 6, 8, 9, 10, 11, 13, 15, 19, 22, 25, 28, 33, 36, 37, 38, 39, 40, 41, 42, 44, 45, 48, 51, 52, 55, 58, 61, 64, 69, 72, 73, 74, 75, 76, 77, 80, 85, 97, 99, 100, 109, 116, 129, 133, 134, 143, 147, 148, 157, 163, 164, 176, 177, 179, 190, 192, 193, 202, 208, 209, 219, 220, 222, 223, 228, 238, 240, 241, 242, 243, 253, 259, 260, 273, 275, 276, 285, 292, 293, 298, 308, 310, 311, 312, 313, 323, 327, 328, 338, 344, 345, 352, 353, 355, 356, 361, 371, 372, 373, 374, 384, 390, 391, 404, 406, 407, 416, 417, 418, 424, 426, 437, 439, 440, 441, 442, 452, 461, 462, 474, 476, 477, 486, 488, 498, 500, 501, 502, 503, 512, 521, 522, 531, 532, 534, 544, 549, 550, 559], "excluded_lines": [], "functions": {"create_api_key": {"executed_lines": [], "summary": {"covered_lines": 0, "num_statements": 12, "percent_covered": 0.0, "percent_covered_display": "0", "missing_lines": 12, "excluded_lines": 0}, "missing_lines": [97, 99, 100, 109, 116, 129, 133, 134, 143, 147, 148, 157], "excluded_lines": []}, "list_api_keys": {"executed_lines": [], "summary": {"covered_lines": 0, "num_statements": 7, "percent_covered": 0.0, "percent_covered_display": "0", "missing_lines": 7, "excluded_lines": 0}, "missing_lines": [176, 177, 179, 190, 192, 193, 202], "excluded_lines": []}, "get_api_key": {"executed_lines": [], "summary": {"covered_lines": 0, "num_statements": 11, "percent_covered": 0.0, "percent_covered_display": "0", "missing_lines": 11, "excluded_lines": 0}, "missing_lines": [219, 220, 222, 223, 228, 238, 240, 241, 242, 243, 253], "excluded_lines": []}, "update_api_key": {"executed_lines": [], "summary": {"covered_lines": 0, "num_statements": 16, "percent_covered": 0.0, "percent_covered_display": "0", "missing_lines": 16, "excluded_lines": 0}, "missing_lines": [273, 275, 276, 285, 292, 293, 298, 308, 310, 311, 312, 313, 323, 327, 328, 338], "excluded_lines": []}, "revoke_api_key": {"executed_lines": [], "summary": {"covered_lines": 0, "num_statements": 10, "percent_covered": 0.0, "percent_covered_display": "0", "missing_lines": 10, "excluded_lines": 0}, "missing_lines": [352, 353, 355, 356, 361, 371, 372, 373, 374, 384], "excluded_lines": []}, "get_api_key_usage": {"executed_lines": [], "summary": {"covered_lines": 0, "num_statements": 14, "percent_covered": 0.0, "percent_covered_display": "0", "missing_lines": 14, "excluded_lines": 0}, "missing_lines": [404, 406, 407, 416, 417, 418, 424, 426, 437, 439, 440, 441, 442, 452], "excluded_lines": []}, "get_overall_usage": {"executed_lines": [], "summary": {"covered_lines": 0, "num_statements": 11, "percent_covered": 0.0, "percent_covered_display": "0", "missing_lines": 11, "excluded_lines": 0}, "missing_lines": [474, 476, 477, 486, 488, 498, 500, 501, 502, 503, 512], "excluded_lines": []}, "cleanup_expired_keys": {"executed_lines": [], "summary": {"covered_lines": 0, "num_statements": 7, "percent_covered": 0.0, "percent_covered_display": "0", "missing_lines": 7, "excluded_lines": 0}, "missing_lines": [531, 532, 534, 544, 549, 550, 559], "excluded_lines": []}, "": {"executed_lines": [], "summary": {"covered_lines": 0, "num_statements": 54, "percent_covered": 0.0, "percent_covered_display": "0", "missing_lines": 54, "excluded_lines": 0}, "missing_lines": [3, 4, 5, 6, 8, 9, 10, 11, 13, 15, 19, 22, 25, 28, 33, 36, 37, 38, 39, 40, 41, 42, 44, 45, 48, 51, 52, 55, 58, 61, 64, 69, 72, 73, 74, 75, 76, 77, 80, 85, 163, 164, 208, 209, 259, 260, 344, 345, 390, 391, 461, 462, 521, 522], "excluded_lines": []}}, "classes": {"ApiKeyCreateRequest": {"executed_lines": [], "summary": {"covered_lines": 0, "num_statements": 0, "percent_covered": 100.0, "percent_covered_display": "100", "missing_lines": 0, "excluded_lines": 0}, "missing_lines": [], "excluded_lines": []}, "ApiKeyResponse": {"executed_lines": [], "summary": {"covered_lines": 0, "num_statements": 0, "percent_covered": 100.0, "percent_covered_display": "100", "missing_lines": 0, "excluded_lines": 0}, "missing_lines": [], "excluded_lines": []}, "ApiKeyResponse.Config": {"executed_lines": [], "summary": {"covered_lines": 0, "num_statements": 0, "percent_covered": 100.0, "percent_covered_display": "100", "missing_lines": 0, "excluded_lines": 0}, "missing_lines": [], "excluded_lines": []}, "ApiKeyCreateResponse": {"executed_lines": [], "summary": {"covered_lines": 0, "num_statements": 0, "percent_covered": 100.0, "percent_covered_display": "100", "missing_lines": 0, "excluded_lines": 0}, "missing_lines": [], "excluded_lines": []}, "ApiKeyUpdateRequest": {"executed_lines": [], "summary": {"covered_lines": 0, "num_statements": 0, "percent_covered": 100.0, "percent_covered_display": "100", "missing_lines": 0, "excluded_lines": 0}, "missing_lines": [], "excluded_lines": []}, "UsageStatsResponse": {"executed_lines": [], "summary": {"covered_lines": 0, "num_statements": 0, "percent_covered": 100.0, "percent_covered_display": "100", "missing_lines": 0, "excluded_lines": 0}, "missing_lines": [], "excluded_lines": []}, "": {"executed_lines": [], "summary": {"covered_lines": 0, "num_statements": 142, "percent_covered": 0.0, "percent_covered_display": "0", "missing_lines": 142, "excluded_lines": 0}, "missing_lines": [3, 4, 5, 6, 8, 9, 10, 11, 13, 15, 19, 22, 25, 28, 33, 36, 37, 38, 39, 40, 41, 42, 44, 45, 48, 51, 52, 55, 58, 61, 64, 69, 72, 73, 74, 75, 76, 77, 80, 85, 97, 99, 100, 109, 116, 129, 133, 134, 143, 147, 148, 157, 163, 164, 176, 177, 179, 190, 192, 193, 202, 208, 209, 219, 220, 222, 223, 228, 238, 240, 241, 242, 243, 253, 259, 260, 273, 275, 276, 285, 292, 293, 298, 308, 310, 311, 312, 313, 323, 327, 328, 338, 344, 345, 352, 353, 355, 356, 361, 371, 372, 373, 374, 384, 390, 391, 404, 406, 407, 416, 417, 418, 424, 426, 437, 439, 440, 441, 442, 452, 461, 462, 474, 476, 477, 486, 488, 498, 500, 501, 502, 503, 512, 521, 522, 531, 532, 534, 544, 549, 550, 559], "excluded_lines": []}}}, "app/api/routes/batch.py": {"executed_lines": [], "summary": {"covered_lines": 0, "num_statements": 292, "percent_covered": 0.0, "percent_covered_display": "0", "missing_lines": 292, "excluded_lines": 0}, "missing_lines": [3, 4, 5, 6, 7, 8, 9, 19, 20, 22, 33, 34, 35, 36, 37, 38, 40, 42, 46, 47, 48, 49, 50, 51, 52, 55, 71, 72, 76, 77, 84, 96, 97, 107, 108, 110, 111, 122, 123, 124, 131, 132, 143, 155, 156, 157, 168, 171, 194, 196, 199, 203, 204, 205, 206, 207, 208, 211, 218, 228, 231, 232, 234, 236, 237, 239, 248, 249, 250, 251, 252, 257, 258, 277, 279, 280, 281, 286, 287, 288, 290, 297, 298, 308, 313, 314, 318, 319, 321, 322, 323, 324, 327, 328, 329, 330, 333, 349, 351, 356, 357, 358, 359, 362, 364, 366, 367, 368, 369, 370, 375, 376, 386, 388, 389, 390, 395, 396, 406, 409, 410, 411, 412, 418, 425, 433, 434, 435, 436, 437, 442, 443, 456, 458, 459, 460, 465, 466, 477, 480, 481, 491, 493, 500, 508, 509, 510, 511, 512, 517, 518, 533, 535, 536, 537, 542, 543, 552, 554, 579, 580, 582, 584, 596, 597, 598, 605, 618, 620, 624, 625, 626, 627, 628, 633, 634, 644, 646, 647, 650, 651, 652, 655, 656, 657, 662, 667, 677, 678, 680, 681, 682, 689, 690, 699, 700, 701, 705, 714, 715, 716, 717, 718, 723, 724, 734, 736, 738, 739, 744, 751, 753, 754, 755, 756, 757, 762, 763, 776, 778, 779, 780, 785, 786, 793, 796, 798, 804, 812, 813, 814, 815, 816, 821, 822, 838, 840, 841, 842, 846, 848, 849, 850, 851, 854, 855, 856, 865, 866, 867, 870, 871, 873, 874, 877, 880, 881, 883, 889, 890, 893, 898, 911, 912, 913, 917, 919, 920, 923, 928, 931, 934, 936, 937, 938, 939, 940, 941, 946, 947, 950, 956, 958, 959, 960, 965, 968, 978, 979, 980, 981, 982], "excluded_lines": [], "functions": {"validate_batch_request": {"executed_lines": [], "summary": {"covered_lines": 0, "num_statements": 20, "percent_covered": 0.0, "percent_covered_display": "0", "missing_lines": 20, "excluded_lines": 0}, "missing_lines": [71, 72, 76, 77, 84, 96, 97, 107, 108, 110, 111, 122, 123, 124, 131, 132, 143, 155, 156, 157], "excluded_lines": []}, "create_batch_job": {"executed_lines": [], "summary": {"covered_lines": 0, "num_statements": 23, "percent_covered": 0.0, "percent_covered_display": "0", "missing_lines": 23, "excluded_lines": 0}, "missing_lines": [194, 196, 199, 203, 204, 205, 206, 207, 208, 211, 218, 228, 231, 232, 234, 236, 237, 239, 248, 249, 250, 251, 252], "excluded_lines": []}, "get_batch_status": {"executed_lines": [], "summary": {"covered_lines": 0, "num_statements": 37, "percent_covered": 0.0, "percent_covered_display": "0", "missing_lines": 37, "excluded_lines": 0}, "missing_lines": [277, 279, 280, 281, 286, 287, 288, 290, 297, 298, 308, 313, 314, 318, 319, 321, 322, 323, 324, 327, 328, 329, 330, 333, 349, 351, 356, 357, 358, 359, 362, 364, 366, 367, 368, 369, 370], "excluded_lines": []}, "cancel_batch_job": {"executed_lines": [], "summary": {"covered_lines": 0, "num_statements": 18, "percent_covered": 0.0, "percent_covered_display": "0", "missing_lines": 18, "excluded_lines": 0}, "missing_lines": [386, 388, 389, 390, 395, 396, 406, 409, 410, 411, 412, 418, 425, 433, 434, 435, 436, 437], "excluded_lines": []}, "cancel_batch_item": {"executed_lines": [], "summary": {"covered_lines": 0, "num_statements": 17, "percent_covered": 0.0, "percent_covered_display": "0", "missing_lines": 17, "excluded_lines": 0}, "missing_lines": [456, 458, 459, 460, 465, 466, 477, 480, 481, 491, 493, 500, 508, 509, 510, 511, 512], "excluded_lines": []}, "download_batch_results": {"executed_lines": [], "summary": {"covered_lines": 0, "num_statements": 23, "percent_covered": 0.0, "percent_covered_display": "0", "missing_lines": 23, "excluded_lines": 0}, "missing_lines": [533, 535, 536, 537, 542, 543, 552, 554, 579, 580, 582, 584, 596, 597, 598, 605, 618, 620, 624, 625, 626, 627, 628], "excluded_lines": []}, "get_batch_results": {"executed_lines": [], "summary": {"covered_lines": 0, "num_statements": 27, "percent_covered": 0.0, "percent_covered_display": "0", "missing_lines": 27, "excluded_lines": 0}, "missing_lines": [644, 646, 647, 650, 651, 652, 655, 656, 657, 662, 667, 677, 678, 680, 681, 682, 689, 690, 699, 700, 701, 705, 714, 715, 716, 717, 718], "excluded_lines": []}, "get_batch_metrics": {"executed_lines": [], "summary": {"covered_lines": 0, "num_statements": 11, "percent_covered": 0.0, "percent_covered_display": "0", "missing_lines": 11, "excluded_lines": 0}, "missing_lines": [734, 736, 738, 739, 744, 751, 753, 754, 755, 756, 757], "excluded_lines": []}, "create_websocket_token": {"executed_lines": [], "summary": {"covered_lines": 0, "num_statements": 15, "percent_covered": 0.0, "percent_covered_display": "0", "missing_lines": 15, "excluded_lines": 0}, "missing_lines": [776, 778, 779, 780, 785, 786, 793, 796, 798, 804, 812, 813, 814, 815, 816], "excluded_lines": []}, "batch_events_stream": {"executed_lines": [], "summary": {"covered_lines": 0, "num_statements": 11, "percent_covered": 0.0, "percent_covered_display": "0", "missing_lines": 11, "excluded_lines": 0}, "missing_lines": [838, 840, 841, 842, 846, 968, 978, 979, 980, 981, 982], "excluded_lines": []}, "batch_events_stream.event_generator": {"executed_lines": [], "summary": {"covered_lines": 0, "num_statements": 46, "percent_covered": 0.0, "percent_covered_display": "0", "missing_lines": 46, "excluded_lines": 0}, "missing_lines": [848, 849, 850, 851, 854, 855, 856, 865, 866, 867, 870, 871, 873, 874, 877, 880, 881, 883, 889, 890, 893, 898, 911, 912, 913, 917, 919, 920, 923, 928, 931, 934, 936, 937, 938, 939, 940, 941, 946, 947, 950, 956, 958, 959, 960, 965], "excluded_lines": []}, "": {"executed_lines": [], "summary": {"covered_lines": 0, "num_statements": 44, "percent_covered": 0.0, "percent_covered_display": "0", "missing_lines": 44, "excluded_lines": 0}, "missing_lines": [3, 4, 5, 6, 7, 8, 9, 19, 20, 22, 33, 34, 35, 36, 37, 38, 40, 42, 46, 47, 48, 49, 50, 51, 52, 55, 168, 171, 257, 258, 375, 376, 442, 443, 517, 518, 633, 634, 723, 724, 762, 763, 821, 822], "excluded_lines": []}}, "classes": {"": {"executed_lines": [], "summary": {"covered_lines": 0, "num_statements": 292, "percent_covered": 0.0, "percent_covered_display": "0", "missing_lines": 292, "excluded_lines": 0}, "missing_lines": [3, 4, 5, 6, 7, 8, 9, 19, 20, 22, 33, 34, 35, 36, 37, 38, 40, 42, 46, 47, 48, 49, 50, 51, 52, 55, 71, 72, 76, 77, 84, 96, 97, 107, 108, 110, 111, 122, 123, 124, 131, 132, 143, 155, 156, 157, 168, 171, 194, 196, 199, 203, 204, 205, 206, 207, 208, 211, 218, 228, 231, 232, 234, 236, 237, 239, 248, 249, 250, 251, 252, 257, 258, 277, 279, 280, 281, 286, 287, 288, 290, 297, 298, 308, 313, 314, 318, 319, 321, 322, 323, 324, 327, 328, 329, 330, 333, 349, 351, 356, 357, 358, 359, 362, 364, 366, 367, 368, 369, 370, 375, 376, 386, 388, 389, 390, 395, 396, 406, 409, 410, 411, 412, 418, 425, 433, 434, 435, 436, 437, 442, 443, 456, 458, 459, 460, 465, 466, 477, 480, 481, 491, 493, 500, 508, 509, 510, 511, 512, 517, 518, 533, 535, 536, 537, 542, 543, 552, 554, 579, 580, 582, 584, 596, 597, 598, 605, 618, 620, 624, 625, 626, 627, 628, 633, 634, 644, 646, 647, 650, 651, 652, 655, 656, 657, 662, 667, 677, 678, 680, 681, 682, 689, 690, 699, 700, 701, 705, 714, 715, 716, 717, 718, 723, 724, 734, 736, 738, 739, 744, 751, 753, 754, 755, 756, 757, 762, 763, 776, 778, 779, 780, 785, 786, 793, 796, 798, 804, 812, 813, 814, 815, 816, 821, 822, 838, 840, 841, 842, 846, 848, 849, 850, 851, 854, 855, 856, 865, 866, 867, 870, 871, 873, 874, 877, 880, 881, 883, 889, 890, 893, 898, 911, 912, 913, 917, 919, 920, 923, 928, 931, 934, 936, 937, 938, 939, 940, 941, 946, 947, 950, 956, 958, 959, 960, 965, 968, 978, 979, 980, 981, 982], "excluded_lines": []}}}, "app/api/routes/conversion.py": {"executed_lines": [], "summary": {"covered_lines": 0, "num_statements": 97, "percent_covered": 0.0, "percent_covered_display": "0", "missing_lines": 97, "excluded_lines": 0}, "missing_lines": [3, 4, 5, 6, 8, 9, 10, 12, 18, 19, 20, 21, 22, 23, 24, 25, 27, 29, 32, 35, 38, 50, 51, 52, 55, 58, 61, 64, 65, 68, 69, 72, 73, 74, 76, 78, 81, 180, 201, 202, 203, 204, 208, 210, 211, 217, 227, 228, 229, 231, 232, 237, 238, 248, 249, 255, 256, 259, 260, 261, 263, 266, 273, 274, 282, 284, 285, 291, 306, 310, 311, 318, 323, 328, 329, 332, 343, 364, 365, 370, 374, 375, 380, 382, 383, 388, 390, 391, 396, 398, 400, 402, 403, 408, 414, 417, 418], "excluded_lines": [], "functions": {"sanitize_filename": {"executed_lines": [], "summary": {"covered_lines": 0, "num_statements": 15, "percent_covered": 0.0, "percent_covered_display": "0", "missing_lines": 15, "excluded_lines": 0}, "missing_lines": [50, 51, 52, 55, 58, 61, 64, 65, 68, 69, 72, 73, 74, 76, 78], "excluded_lines": []}, "convert_image": {"executed_lines": [], "summary": {"covered_lines": 0, "num_statements": 59, "percent_covered": 0.0, "percent_covered_display": "0", "missing_lines": 59, "excluded_lines": 0}, "missing_lines": [201, 202, 203, 204, 208, 210, 211, 217, 227, 228, 229, 231, 232, 237, 238, 248, 249, 255, 256, 259, 260, 261, 263, 266, 273, 274, 282, 284, 285, 291, 306, 310, 311, 318, 323, 328, 329, 332, 343, 364, 365, 370, 374, 375, 380, 382, 383, 388, 390, 391, 396, 398, 400, 402, 403, 408, 414, 417, 418], "excluded_lines": []}, "": {"executed_lines": [], "summary": {"covered_lines": 0, "num_statements": 23, "percent_covered": 0.0, "percent_covered_display": "0", "missing_lines": 23, "excluded_lines": 0}, "missing_lines": [3, 4, 5, 6, 8, 9, 10, 12, 18, 19, 20, 21, 22, 23, 24, 25, 27, 29, 32, 35, 38, 81, 180], "excluded_lines": []}}, "classes": {"": {"executed_lines": [], "summary": {"covered_lines": 0, "num_statements": 97, "percent_covered": 0.0, "percent_covered_display": "0", "missing_lines": 97, "excluded_lines": 0}, "missing_lines": [3, 4, 5, 6, 8, 9, 10, 12, 18, 19, 20, 21, 22, 23, 24, 25, 27, 29, 32, 35, 38, 50, 51, 52, 55, 58, 61, 64, 65, 68, 69, 72, 73, 74, 76, 78, 81, 180, 201, 202, 203, 204, 208, 210, 211, 217, 227, 228, 229, 231, 232, 237, 238, 248, 249, 255, 256, 259, 260, 261, 263, 266, 273, 274, 282, 284, 285, 291, 306, 310, 311, 318, 323, 328, 329, 332, 343, 364, 365, 370, 374, 375, 380, 382, 383, 388, 390, 391, 396, 398, 400, 402, 403, 408, 414, 417, 418], "excluded_lines": []}}}, "app/api/routes/detection.py": {"executed_lines": [], "summary": {"covered_lines": 0, "num_statements": 116, "percent_covered": 0.0, "percent_covered_display": "0", "missing_lines": 116, "excluded_lines": 0}, "missing_lines": [3, 4, 5, 7, 8, 9, 11, 19, 20, 21, 22, 23, 24, 30, 31, 37, 39, 42, 45, 46, 47, 52, 87, 93, 94, 98, 99, 102, 104, 109, 110, 111, 114, 118, 119, 125, 126, 128, 129, 132, 133, 142, 143, 145, 146, 153, 155, 164, 172, 174, 176, 177, 182, 188, 191, 224, 232, 233, 237, 238, 241, 243, 248, 252, 253, 258, 259, 260, 261, 262, 267, 270, 275, 276, 277, 280, 281, 282, 283, 284, 285, 286, 287, 288, 290, 292, 302, 310, 321, 323, 325, 326, 331, 337, 340, 365, 367, 369, 372, 380, 382, 383, 384, 387, 388, 389, 393, 394, 396, 397, 399, 407, 412, 418, 419, 424], "excluded_lines": [], "functions": {"detect_format": {"executed_lines": [], "summary": {"covered_lines": 0, "num_statements": 31, "percent_covered": 0.0, "percent_covered_display": "0", "missing_lines": 31, "excluded_lines": 0}, "missing_lines": [93, 94, 98, 99, 102, 104, 109, 110, 111, 114, 118, 119, 125, 126, 128, 129, 132, 133, 142, 143, 145, 146, 153, 155, 164, 172, 174, 176, 177, 182, 188], "excluded_lines": []}, "recommend_format": {"executed_lines": [], "summary": {"covered_lines": 0, "num_statements": 38, "percent_covered": 0.0, "percent_covered_display": "0", "missing_lines": 38, "excluded_lines": 0}, "missing_lines": [232, 233, 237, 238, 241, 243, 248, 252, 253, 258, 259, 260, 261, 262, 267, 270, 275, 276, 277, 280, 281, 282, 283, 284, 285, 286, 287, 288, 290, 292, 302, 310, 321, 323, 325, 326, 331, 337], "excluded_lines": []}, "get_format_compatibility": {"executed_lines": [], "summary": {"covered_lines": 0, "num_statements": 20, "percent_covered": 0.0, "percent_covered_display": "0", "missing_lines": 20, "excluded_lines": 0}, "missing_lines": [367, 369, 372, 380, 382, 383, 384, 387, 388, 389, 393, 394, 396, 397, 399, 407, 412, 418, 419, 424], "excluded_lines": []}, "": {"executed_lines": [], "summary": {"covered_lines": 0, "num_statements": 27, "percent_covered": 0.0, "percent_covered_display": "0", "missing_lines": 27, "excluded_lines": 0}, "missing_lines": [3, 4, 5, 7, 8, 9, 11, 19, 20, 21, 22, 23, 24, 30, 31, 37, 39, 42, 45, 46, 47, 52, 87, 191, 224, 340, 365], "excluded_lines": []}}, "classes": {"": {"executed_lines": [], "summary": {"covered_lines": 0, "num_statements": 116, "percent_covered": 0.0, "percent_covered_display": "0", "missing_lines": 116, "excluded_lines": 0}, "missing_lines": [3, 4, 5, 7, 8, 9, 11, 19, 20, 21, 22, 23, 24, 30, 31, 37, 39, 42, 45, 46, 47, 52, 87, 93, 94, 98, 99, 102, 104, 109, 110, 111, 114, 118, 119, 125, 126, 128, 129, 132, 133, 142, 143, 145, 146, 153, 155, 164, 172, 174, 176, 177, 182, 188, 191, 224, 232, 233, 237, 238, 241, 243, 248, 252, 253, 258, 259, 260, 261, 262, 267, 270, 275, 276, 277, 280, 281, 282, 283, 284, 285, 286, 287, 288, 290, 292, 302, 310, 321, 323, 325, 326, 331, 337, 340, 365, 367, 369, 372, 380, 382, 383, 384, 387, 388, 389, 393, 394, 396, 397, 399, 407, 412, 418, 419, 424], "excluded_lines": []}}}, "app/api/routes/health.py": {"executed_lines": [], "summary": {"covered_lines": 0, "num_statements": 12, "percent_covered": 0.0, "percent_covered_display": "0", "missing_lines": 12, "excluded_lines": 0}, "missing_lines": [1, 2, 4, 7, 8, 16, 23, 24, 25, 26, 29, 37], "excluded_lines": [], "functions": {"health_check": {"executed_lines": [], "summary": {"covered_lines": 0, "num_statements": 7, "percent_covered": 0.0, "percent_covered_display": "0", "missing_lines": 7, "excluded_lines": 0}, "missing_lines": [16, 23, 24, 25, 26, 29, 37], "excluded_lines": []}, "": {"executed_lines": [], "summary": {"covered_lines": 0, "num_statements": 5, "percent_covered": 0.0, "percent_covered_display": "0", "missing_lines": 5, "excluded_lines": 0}, "missing_lines": [1, 2, 4, 7, 8], "excluded_lines": []}}, "classes": {"": {"executed_lines": [], "summary": {"covered_lines": 0, "num_statements": 12, "percent_covered": 0.0, "percent_covered_display": "0", "missing_lines": 12, "excluded_lines": 0}, "missing_lines": [1, 2, 4, 7, 8, 16, 23, 24, 25, 26, 29, 37], "excluded_lines": []}}}, "app/api/routes/intelligence.py": {"executed_lines": [], "summary": {"covered_lines": 0, "num_statements": 101, "percent_covered": 0.0, "percent_covered_display": "0", "missing_lines": 101, "excluded_lines": 0}, "missing_lines": [3, 4, 5, 6, 8, 9, 10, 16, 17, 19, 21, 24, 25, 46, 48, 49, 50, 56, 57, 60, 63, 72, 73, 78, 79, 81, 82, 85, 86, 111, 113, 114, 115, 116, 117, 120, 121, 133, 134, 138, 140, 141, 142, 147, 148, 154, 155, 157, 159, 160, 161, 164, 165, 171, 172, 174, 179, 180, 181, 184, 185, 227, 229, 239, 244, 266, 268, 269, 270, 275, 276, 293, 294, 298, 302, 303, 304, 307, 308, 323, 324, 328, 337, 338, 339, 342, 343, 358, 359, 363, 368, 369, 370, 373, 374, 387, 388, 390, 392, 393, 394], "excluded_lines": [], "functions": {"analyze_image": {"executed_lines": [], "summary": {"covered_lines": 0, "num_statements": 22, "percent_covered": 0.0, "percent_covered_display": "0", "missing_lines": 22, "excluded_lines": 0}, "missing_lines": [46, 48, 49, 50, 56, 57, 60, 63, 72, 73, 78, 79, 81, 82, 85, 86, 111, 113, 114, 115, 116, 117], "excluded_lines": []}, "get_optimization_recommendations": {"executed_lines": [], "summary": {"covered_lines": 0, "num_statements": 6, "percent_covered": 0.0, "percent_covered_display": "0", "missing_lines": 6, "excluded_lines": 0}, "missing_lines": [133, 134, 138, 140, 141, 142], "excluded_lines": []}, "get_intelligence_status": {"executed_lines": [], "summary": {"covered_lines": 0, "num_statements": 6, "percent_covered": 0.0, "percent_covered_display": "0", "missing_lines": 6, "excluded_lines": 0}, "missing_lines": [154, 155, 157, 159, 160, 161], "excluded_lines": []}, "clear_intelligence_cache": {"executed_lines": [], "summary": {"covered_lines": 0, "num_statements": 6, "percent_covered": 0.0, "percent_covered_display": "0", "missing_lines": 6, "excluded_lines": 0}, "missing_lines": [171, 172, 174, 179, 180, 181], "excluded_lines": []}, "get_format_recommendations": {"executed_lines": [], "summary": {"covered_lines": 0, "num_statements": 8, "percent_covered": 0.0, "percent_covered_display": "0", "missing_lines": 8, "excluded_lines": 0}, "missing_lines": [227, 229, 239, 244, 266, 268, 269, 270], "excluded_lines": []}, "record_format_preference": {"executed_lines": [], "summary": {"covered_lines": 0, "num_statements": 6, "percent_covered": 0.0, "percent_covered_display": "0", "missing_lines": 6, "excluded_lines": 0}, "missing_lines": [293, 294, 298, 302, 303, 304], "excluded_lines": []}, "get_format_preferences": {"executed_lines": [], "summary": {"covered_lines": 0, "num_statements": 6, "percent_covered": 0.0, "percent_covered_display": "0", "missing_lines": 6, "excluded_lines": 0}, "missing_lines": [323, 324, 328, 337, 338, 339], "excluded_lines": []}, "reset_format_preferences": {"executed_lines": [], "summary": {"covered_lines": 0, "num_statements": 6, "percent_covered": 0.0, "percent_covered_display": "0", "missing_lines": 6, "excluded_lines": 0}, "missing_lines": [358, 359, 363, 368, 369, 370], "excluded_lines": []}, "get_format_details": {"executed_lines": [], "summary": {"covered_lines": 0, "num_statements": 6, "percent_covered": 0.0, "percent_covered_display": "0", "missing_lines": 6, "excluded_lines": 0}, "missing_lines": [387, 388, 390, 392, 393, 394], "excluded_lines": []}, "": {"executed_lines": [], "summary": {"covered_lines": 0, "num_statements": 29, "percent_covered": 0.0, "percent_covered_display": "0", "missing_lines": 29, "excluded_lines": 0}, "missing_lines": [3, 4, 5, 6, 8, 9, 10, 16, 17, 19, 21, 24, 25, 120, 121, 147, 148, 164, 165, 184, 185, 275, 276, 307, 308, 342, 343, 373, 374], "excluded_lines": []}}, "classes": {"": {"executed_lines": [], "summary": {"covered_lines": 0, "num_statements": 101, "percent_covered": 0.0, "percent_covered_display": "0", "missing_lines": 101, "excluded_lines": 0}, "missing_lines": [3, 4, 5, 6, 8, 9, 10, 16, 17, 19, 21, 24, 25, 46, 48, 49, 50, 56, 57, 60, 63, 72, 73, 78, 79, 81, 82, 85, 86, 111, 113, 114, 115, 116, 117, 120, 121, 133, 134, 138, 140, 141, 142, 147, 148, 154, 155, 157, 159, 160, 161, 164, 165, 171, 172, 174, 179, 180, 181, 184, 185, 227, 229, 239, 244, 266, 268, 269, 270, 275, 276, 293, 294, 298, 302, 303, 304, 307, 308, 323, 324, 328, 337, 338, 339, 342, 343, 358, 359, 363, 368, 369, 370, 373, 374, 387, 388, 390, 392, 393, 394], "excluded_lines": []}}}, "app/api/routes/monitoring.py": {"executed_lines": [], "summary": {"covered_lines": 0, "num_statements": 145, "percent_covered": 0.0, "percent_covered_display": "0", "missing_lines": 145, "excluded_lines": 0}, "missing_lines": [5, 6, 7, 9, 10, 11, 12, 13, 15, 16, 19, 20, 21, 24, 30, 32, 35, 40, 45, 46, 58, 59, 60, 65, 66, 67, 70, 71, 85, 86, 87, 91, 92, 93, 98, 99, 111, 112, 113, 117, 118, 119, 124, 125, 132, 149, 150, 162, 164, 167, 169, 173, 179, 191, 192, 193, 196, 197, 215, 216, 217, 225, 226, 227, 230, 231, 249, 250, 251, 252, 253, 254, 257, 258, 268, 269, 270, 271, 273, 274, 275, 276, 277, 278, 281, 282, 296, 297, 298, 305, 306, 307, 310, 311, 325, 326, 327, 328, 329, 330, 335, 336, 348, 349, 350, 351, 352, 353, 358, 359, 373, 374, 375, 382, 383, 384, 387, 388, 399, 401, 414, 415, 417, 418, 425, 426, 427, 430, 431, 435, 443, 451, 459, 465, 466, 467, 472, 473, 480, 481, 497, 499, 500, 501, 507], "excluded_lines": [], "functions": {"get_aggregate_stats": {"executed_lines": [], "summary": {"covered_lines": 0, "num_statements": 6, "percent_covered": 0.0, "percent_covered_display": "0", "missing_lines": 6, "excluded_lines": 0}, "missing_lines": [58, 59, 60, 65, 66, 67], "excluded_lines": []}, "get_hourly_stats": {"executed_lines": [], "summary": {"covered_lines": 0, "num_statements": 6, "percent_covered": 0.0, "percent_covered_display": "0", "missing_lines": 6, "excluded_lines": 0}, "missing_lines": [85, 86, 87, 91, 92, 93], "excluded_lines": []}, "get_daily_stats": {"executed_lines": [], "summary": {"covered_lines": 0, "num_statements": 6, "percent_covered": 0.0, "percent_covered_display": "0", "missing_lines": 6, "excluded_lines": 0}, "missing_lines": [111, 112, 113, 117, 118, 119], "excluded_lines": []}, "get_logging_config": {"executed_lines": [], "summary": {"covered_lines": 0, "num_statements": 6, "percent_covered": 0.0, "percent_covered_display": "0", "missing_lines": 6, "excluded_lines": 0}, "missing_lines": [480, 481, 497, 499, 500, 501], "excluded_lines": []}, "toggle_paranoia_mode": {"executed_lines": [], "summary": {"covered_lines": 0, "num_statements": 9, "percent_covered": 0.0, "percent_covered_display": "0", "missing_lines": 9, "excluded_lines": 0}, "missing_lines": [162, 164, 167, 169, 173, 179, 191, 192, 193], "excluded_lines": []}, "cleanup_old_stats": {"executed_lines": [], "summary": {"covered_lines": 0, "num_statements": 6, "percent_covered": 0.0, "percent_covered_display": "0", "missing_lines": 6, "excluded_lines": 0}, "missing_lines": [215, 216, 217, 225, 226, 227], "excluded_lines": []}, "get_error_report": {"executed_lines": [], "summary": {"covered_lines": 0, "num_statements": 6, "percent_covered": 0.0, "percent_covered_display": "0", "missing_lines": 6, "excluded_lines": 0}, "missing_lines": [249, 250, 251, 252, 253, 254], "excluded_lines": []}, "get_error_details": {"executed_lines": [], "summary": {"covered_lines": 0, "num_statements": 10, "percent_covered": 0.0, "percent_covered_display": "0", "missing_lines": 10, "excluded_lines": 0}, "missing_lines": [268, 269, 270, 271, 273, 274, 275, 276, 277, 278], "excluded_lines": []}, "cleanup_old_errors": {"executed_lines": [], "summary": {"covered_lines": 0, "num_statements": 6, "percent_covered": 0.0, "percent_covered_display": "0", "missing_lines": 6, "excluded_lines": 0}, "missing_lines": [296, 297, 298, 305, 306, 307], "excluded_lines": []}, "get_security_events": {"executed_lines": [], "summary": {"covered_lines": 0, "num_statements": 6, "percent_covered": 0.0, "percent_covered_display": "0", "missing_lines": 6, "excluded_lines": 0}, "missing_lines": [325, 326, 327, 328, 329, 330], "excluded_lines": []}, "get_violation_trends": {"executed_lines": [], "summary": {"covered_lines": 0, "num_statements": 6, "percent_covered": 0.0, "percent_covered_display": "0", "missing_lines": 6, "excluded_lines": 0}, "missing_lines": [348, 349, 350, 351, 352, 353], "excluded_lines": []}, "cleanup_security_events": {"executed_lines": [], "summary": {"covered_lines": 0, "num_statements": 6, "percent_covered": 0.0, "percent_covered_display": "0", "missing_lines": 6, "excluded_lines": 0}, "missing_lines": [373, 374, 375, 382, 383, 384], "excluded_lines": []}, "get_system_info": {"executed_lines": [], "summary": {"covered_lines": 0, "num_statements": 18, "percent_covered": 0.0, "percent_covered_display": "0", "missing_lines": 18, "excluded_lines": 0}, "missing_lines": [399, 401, 414, 415, 417, 418, 425, 426, 427, 430, 431, 435, 443, 451, 459, 465, 466, 467], "excluded_lines": []}, "": {"executed_lines": [], "summary": {"covered_lines": 0, "num_statements": 47, "percent_covered": 0.0, "percent_covered_display": "0", "missing_lines": 47, "excluded_lines": 0}, "missing_lines": [5, 6, 7, 9, 10, 11, 12, 13, 15, 16, 19, 20, 21, 24, 30, 32, 35, 40, 45, 46, 70, 71, 98, 99, 124, 125, 149, 150, 196, 197, 230, 231, 257, 258, 281, 282, 310, 311, 335, 336, 358, 359, 387, 388, 472, 473, 507], "excluded_lines": []}}, "classes": {"": {"executed_lines": [], "summary": {"covered_lines": 0, "num_statements": 145, "percent_covered": 0.0, "percent_covered_display": "0", "missing_lines": 145, "excluded_lines": 0}, "missing_lines": [5, 6, 7, 9, 10, 11, 12, 13, 15, 16, 19, 20, 21, 24, 30, 32, 35, 40, 45, 46, 58, 59, 60, 65, 66, 67, 70, 71, 85, 86, 87, 91, 92, 93, 98, 99, 111, 112, 113, 117, 118, 119, 124, 125, 132, 149, 150, 162, 164, 167, 169, 173, 179, 191, 192, 193, 196, 197, 215, 216, 217, 225, 226, 227, 230, 231, 249, 250, 251, 252, 253, 254, 257, 258, 268, 269, 270, 271, 273, 274, 275, 276, 277, 278, 281, 282, 296, 297, 298, 305, 306, 307, 310, 311, 325, 326, 327, 328, 329, 330, 335, 336, 348, 349, 350, 351, 352, 353, 358, 359, 373, 374, 375, 382, 383, 384, 387, 388, 399, 401, 414, 415, 417, 418, 425, 426, 427, 430, 431, 435, 443, 451, 459, 465, 466, 467, 472, 473, 480, 481, 497, 499, 500, 501, 507], "excluded_lines": []}}}, "app/api/routes/optimization.py": {"executed_lines": [], "summary": {"covered_lines": 0, "num_statements": 108, "percent_covered": 0.0, "percent_covered_display": "0", "missing_lines": 108, "excluded_lines": 0}, "missing_lines": [3, 4, 5, 7, 8, 9, 11, 17, 18, 19, 20, 21, 23, 25, 28, 31, 34, 35, 60, 62, 65, 66, 67, 72, 73, 74, 75, 78, 79, 80, 81, 82, 83, 86, 103, 104, 111, 113, 114, 117, 122, 123, 124, 125, 126, 131, 132, 146, 148, 151, 152, 153, 158, 159, 160, 161, 164, 176, 179, 180, 183, 184, 190, 191, 194, 199, 200, 205, 213, 214, 215, 216, 217, 222, 223, 230, 232, 234, 235, 236, 239, 240, 241, 243, 245, 248, 249, 258, 260, 263, 264, 271, 273, 274, 275, 280, 281, 282, 283, 284, 289, 290, 296, 299, 302, 303, 306, 310], "excluded_lines": [], "functions": {"optimize_advanced": {"executed_lines": [], "summary": {"covered_lines": 0, "num_statements": 27, "percent_covered": 0.0, "percent_covered_display": "0", "missing_lines": 27, "excluded_lines": 0}, "missing_lines": [60, 62, 65, 66, 67, 72, 73, 74, 75, 78, 79, 80, 81, 82, 83, 86, 103, 104, 111, 113, 114, 117, 122, 123, 124, 125, 126], "excluded_lines": []}, "optimize_advanced_download": {"executed_lines": [], "summary": {"covered_lines": 0, "num_statements": 26, "percent_covered": 0.0, "percent_covered_display": "0", "missing_lines": 26, "excluded_lines": 0}, "missing_lines": [146, 148, 151, 152, 153, 158, 159, 160, 161, 164, 176, 179, 180, 183, 184, 190, 191, 194, 199, 200, 205, 213, 214, 215, 216, 217], "excluded_lines": []}, "optimization_progress_stream": {"executed_lines": [], "summary": {"covered_lines": 0, "num_statements": 2, "percent_covered": 0.0, "percent_covered_display": "0", "missing_lines": 2, "excluded_lines": 0}, "missing_lines": [230, 245], "excluded_lines": []}, "optimization_progress_stream.event_generator": {"executed_lines": [], "summary": {"covered_lines": 0, "num_statements": 8, "percent_covered": 0.0, "percent_covered_display": "0", "missing_lines": 8, "excluded_lines": 0}, "missing_lines": [232, 234, 235, 236, 239, 240, 241, 243], "excluded_lines": []}, "analyze_optimization_potential": {"executed_lines": [], "summary": {"covered_lines": 0, "num_statements": 13, "percent_covered": 0.0, "percent_covered_display": "0", "missing_lines": 13, "excluded_lines": 0}, "missing_lines": [258, 260, 263, 264, 271, 273, 274, 275, 280, 281, 282, 283, 284], "excluded_lines": []}, "get_format_capabilities": {"executed_lines": [], "summary": {"covered_lines": 0, "num_statements": 6, "percent_covered": 0.0, "percent_covered_display": "0", "missing_lines": 6, "excluded_lines": 0}, "missing_lines": [296, 299, 302, 303, 306, 310], "excluded_lines": []}, "": {"executed_lines": [], "summary": {"covered_lines": 0, "num_statements": 26, "percent_covered": 0.0, "percent_covered_display": "0", "missing_lines": 26, "excluded_lines": 0}, "missing_lines": [3, 4, 5, 7, 8, 9, 11, 17, 18, 19, 20, 21, 23, 25, 28, 31, 34, 35, 131, 132, 222, 223, 248, 249, 289, 290], "excluded_lines": []}}, "classes": {"": {"executed_lines": [], "summary": {"covered_lines": 0, "num_statements": 108, "percent_covered": 0.0, "percent_covered_display": "0", "missing_lines": 108, "excluded_lines": 0}, "missing_lines": [3, 4, 5, 7, 8, 9, 11, 17, 18, 19, 20, 21, 23, 25, 28, 31, 34, 35, 60, 62, 65, 66, 67, 72, 73, 74, 75, 78, 79, 80, 81, 82, 83, 86, 103, 104, 111, 113, 114, 117, 122, 123, 124, 125, 126, 131, 132, 146, 148, 151, 152, 153, 158, 159, 160, 161, 164, 176, 179, 180, 183, 184, 190, 191, 194, 199, 200, 205, 213, 214, 215, 216, 217, 222, 223, 230, 232, 234, 235, 236, 239, 240, 241, 243, 245, 248, 249, 258, 260, 263, 264, 271, 273, 274, 275, 280, 281, 282, 283, 284, 289, 290, 296, 299, 302, 303, 306, 310], "excluded_lines": []}}}, "app/api/routes/presets.py": {"executed_lines": [], "summary": {"covered_lines": 0, "num_statements": 226, "percent_covered": 0.0, "percent_covered_display": "0", "missing_lines": 226, "excluded_lines": 0}, "missing_lines": [3, 4, 5, 7, 16, 17, 18, 19, 20, 22, 24, 27, 28, 29, 30, 31, 32, 33, 34, 37, 69, 84, 86, 87, 88, 94, 95, 96, 106, 107, 118, 119, 129, 140, 142, 152, 161, 162, 168, 169, 171, 173, 174, 175, 176, 177, 182, 203, 210, 212, 216, 217, 223, 231, 233, 234, 235, 236, 237, 242, 287, 310, 312, 317, 324, 325, 326, 327, 338, 339, 340, 349, 350, 351, 354, 355, 356, 357, 367, 380, 382, 392, 415, 417, 418, 419, 420, 421, 426, 461, 463, 465, 466, 476, 487, 488, 498, 500, 508, 510, 511, 512, 513, 514, 515, 516, 521, 556, 565, 567, 568, 569, 574, 578, 579, 585, 594, 596, 597, 602, 603, 604, 605, 606, 607, 608, 613, 640, 646, 648, 649, 650, 655, 657, 658, 664, 672, 674, 675, 680, 681, 682, 683, 684, 689, 716, 727, 729, 730, 731, 736, 740, 748, 750, 751, 752, 753, 754, 759, 788, 795, 797, 801, 802, 808, 817, 819, 820, 825, 826, 827, 828, 829, 830, 831, 836, 874, 881, 883, 884, 885, 895, 901, 902, 904, 913, 919, 921, 922, 923, 924, 925, 926, 927, 932, 961, 969, 971, 978, 979, 983, 992, 994, 995, 996, 997, 998, 1003, 1033, 1040, 1042, 1043, 1054, 1055, 1064, 1065, 1066, 1076, 1082, 1092, 1098, 1100, 1101, 1102, 1103, 1104], "excluded_lines": [], "functions": {"list_presets": {"executed_lines": [], "summary": {"covered_lines": 0, "num_statements": 25, "percent_covered": 0.0, "percent_covered_display": "0", "missing_lines": 25, "excluded_lines": 0}, "missing_lines": [84, 86, 87, 88, 94, 95, 96, 106, 107, 118, 119, 129, 140, 142, 152, 161, 162, 168, 169, 171, 173, 174, 175, 176, 177], "excluded_lines": []}, "get_preset": {"executed_lines": [], "summary": {"covered_lines": 0, "num_statements": 11, "percent_covered": 0.0, "percent_covered_display": "0", "missing_lines": 11, "excluded_lines": 0}, "missing_lines": [210, 212, 216, 217, 223, 231, 233, 234, 235, 236, 237], "excluded_lines": []}, "search_presets_advanced": {"executed_lines": [], "summary": {"covered_lines": 0, "num_statements": 27, "percent_covered": 0.0, "percent_covered_display": "0", "missing_lines": 27, "excluded_lines": 0}, "missing_lines": [310, 312, 317, 324, 325, 326, 327, 338, 339, 340, 349, 350, 351, 354, 355, 356, 357, 367, 380, 382, 392, 415, 417, 418, 419, 420, 421], "excluded_lines": []}, "create_preset": {"executed_lines": [], "summary": {"covered_lines": 0, "num_statements": 16, "percent_covered": 0.0, "percent_covered_display": "0", "missing_lines": 16, "excluded_lines": 0}, "missing_lines": [463, 465, 466, 476, 487, 488, 498, 500, 508, 510, 511, 512, 513, 514, 515, 516], "excluded_lines": []}, "update_preset": {"executed_lines": [], "summary": {"covered_lines": 0, "num_statements": 18, "percent_covered": 0.0, "percent_covered_display": "0", "missing_lines": 18, "excluded_lines": 0}, "missing_lines": [565, 567, 568, 569, 574, 578, 579, 585, 594, 596, 597, 602, 603, 604, 605, 606, 607, 608], "excluded_lines": []}, "delete_preset": {"executed_lines": [], "summary": {"covered_lines": 0, "num_statements": 16, "percent_covered": 0.0, "percent_covered_display": "0", "missing_lines": 16, "excluded_lines": 0}, "missing_lines": [646, 648, 649, 650, 655, 657, 658, 664, 672, 674, 675, 680, 681, 682, 683, 684], "excluded_lines": []}, "get_preset_versions": {"executed_lines": [], "summary": {"covered_lines": 0, "num_statements": 12, "percent_covered": 0.0, "percent_covered_display": "0", "missing_lines": 12, "excluded_lines": 0}, "missing_lines": [727, 729, 730, 731, 736, 740, 748, 750, 751, 752, 753, 754], "excluded_lines": []}, "restore_preset_version": {"executed_lines": [], "summary": {"covered_lines": 0, "num_statements": 15, "percent_covered": 0.0, "percent_covered_display": "0", "missing_lines": 15, "excluded_lines": 0}, "missing_lines": [795, 797, 801, 802, 808, 817, 819, 820, 825, 826, 827, 828, 829, 830, 831], "excluded_lines": []}, "import_presets": {"executed_lines": [], "summary": {"covered_lines": 0, "num_statements": 17, "percent_covered": 0.0, "percent_covered_display": "0", "missing_lines": 17, "excluded_lines": 0}, "missing_lines": [881, 883, 884, 885, 895, 901, 902, 904, 913, 919, 921, 922, 923, 924, 925, 926, 927], "excluded_lines": []}, "export_preset": {"executed_lines": [], "summary": {"covered_lines": 0, "num_statements": 11, "percent_covered": 0.0, "percent_covered_display": "0", "missing_lines": 11, "excluded_lines": 0}, "missing_lines": [969, 971, 978, 979, 983, 992, 994, 995, 996, 997, 998], "excluded_lines": []}, "export_all_presets": {"executed_lines": [], "summary": {"covered_lines": 0, "num_statements": 17, "percent_covered": 0.0, "percent_covered_display": "0", "missing_lines": 17, "excluded_lines": 0}, "missing_lines": [1040, 1042, 1043, 1054, 1055, 1064, 1065, 1066, 1076, 1082, 1092, 1098, 1100, 1101, 1102, 1103, 1104], "excluded_lines": []}, "": {"executed_lines": [], "summary": {"covered_lines": 0, "num_statements": 41, "percent_covered": 0.0, "percent_covered_display": "0", "missing_lines": 41, "excluded_lines": 0}, "missing_lines": [3, 4, 5, 7, 16, 17, 18, 19, 20, 22, 24, 27, 28, 29, 30, 31, 32, 33, 34, 37, 69, 182, 203, 242, 287, 426, 461, 521, 556, 613, 640, 689, 716, 759, 788, 836, 874, 932, 961, 1003, 1033], "excluded_lines": []}}, "classes": {"": {"executed_lines": [], "summary": {"covered_lines": 0, "num_statements": 226, "percent_covered": 0.0, "percent_covered_display": "0", "missing_lines": 226, "excluded_lines": 0}, "missing_lines": [3, 4, 5, 7, 16, 17, 18, 19, 20, 22, 24, 27, 28, 29, 30, 31, 32, 33, 34, 37, 69, 84, 86, 87, 88, 94, 95, 96, 106, 107, 118, 119, 129, 140, 142, 152, 161, 162, 168, 169, 171, 173, 174, 175, 176, 177, 182, 203, 210, 212, 216, 217, 223, 231, 233, 234, 235, 236, 237, 242, 287, 310, 312, 317, 324, 325, 326, 327, 338, 339, 340, 349, 350, 351, 354, 355, 356, 357, 367, 380, 382, 392, 415, 417, 418, 419, 420, 421, 426, 461, 463, 465, 466, 476, 487, 488, 498, 500, 508, 510, 511, 512, 513, 514, 515, 516, 521, 556, 565, 567, 568, 569, 574, 578, 579, 585, 594, 596, 597, 602, 603, 604, 605, 606, 607, 608, 613, 640, 646, 648, 649, 650, 655, 657, 658, 664, 672, 674, 675, 680, 681, 682, 683, 684, 689, 716, 727, 729, 730, 731, 736, 740, 748, 750, 751, 752, 753, 754, 759, 788, 795, 797, 801, 802, 808, 817, 819, 820, 825, 826, 827, 828, 829, 830, 831, 836, 874, 881, 883, 884, 885, 895, 901, 902, 904, 913, 919, 921, 922, 923, 924, 925, 926, 927, 932, 961, 969, 971, 978, 979, 983, 992, 994, 995, 996, 997, 998, 1003, 1033, 1040, 1042, 1043, 1054, 1055, 1064, 1065, 1066, 1076, 1082, 1092, 1098, 1100, 1101, 1102, 1103, 1104], "excluded_lines": []}}}, "app/api/routes/security.py": {"executed_lines": [], "summary": {"covered_lines": 0, "num_statements": 74, "percent_covered": 0.0, "percent_covered_display": "0", "missing_lines": 74, "excluded_lines": 0}, "missing_lines": [5, 6, 7, 9, 10, 11, 12, 14, 17, 19, 20, 21, 24, 26, 27, 28, 31, 33, 34, 35, 38, 39, 53, 67, 68, 69, 70, 73, 80, 81, 82, 89, 90, 91, 92, 100, 103, 104, 114, 127, 128, 129, 130, 138, 139, 149, 150, 152, 155, 156, 175, 176, 178, 179, 182, 185, 187, 188, 190, 191, 193, 201, 202, 215, 216, 221, 222, 226, 228, 231, 234, 236, 239, 241], "excluded_lines": [], "functions": {"get_network_verifier": {"executed_lines": [], "summary": {"covered_lines": 0, "num_statements": 3, "percent_covered": 0.0, "percent_covered_display": "0", "missing_lines": 3, "excluded_lines": 0}, "missing_lines": [19, 20, 21], "excluded_lines": []}, "get_network_monitor": {"executed_lines": [], "summary": {"covered_lines": 0, "num_statements": 3, "percent_covered": 0.0, "percent_covered_display": "0", "missing_lines": 3, "excluded_lines": 0}, "missing_lines": [26, 27, 28], "excluded_lines": []}, "get_security_tracker": {"executed_lines": [], "summary": {"covered_lines": 0, "num_statements": 3, "percent_covered": 0.0, "percent_covered_display": "0", "missing_lines": 3, "excluded_lines": 0}, "missing_lines": [33, 34, 35], "excluded_lines": []}, "get_network_status": {"executed_lines": [], "summary": {"covered_lines": 0, "num_statements": 14, "percent_covered": 0.0, "percent_covered_display": "0", "missing_lines": 14, "excluded_lines": 0}, "missing_lines": [53, 67, 68, 69, 70, 73, 80, 81, 82, 89, 90, 91, 92, 100], "excluded_lines": []}, "get_security_status": {"executed_lines": [], "summary": {"covered_lines": 0, "num_statements": 10, "percent_covered": 0.0, "percent_covered_display": "0", "missing_lines": 10, "excluded_lines": 0}, "missing_lines": [114, 127, 128, 129, 130, 138, 139, 149, 150, 152], "excluded_lines": []}, "get_security_events": {"executed_lines": [], "summary": {"covered_lines": 0, "num_statements": 11, "percent_covered": 0.0, "percent_covered_display": "0", "missing_lines": 11, "excluded_lines": 0}, "missing_lines": [175, 176, 178, 179, 182, 185, 187, 188, 190, 191, 193], "excluded_lines": []}, "verify_network_isolation": {"executed_lines": [], "summary": {"covered_lines": 0, "num_statements": 11, "percent_covered": 0.0, "percent_covered_display": "0", "missing_lines": 11, "excluded_lines": 0}, "missing_lines": [215, 216, 221, 222, 226, 228, 231, 234, 236, 239, 241], "excluded_lines": []}, "": {"executed_lines": [], "summary": {"covered_lines": 0, "num_statements": 19, "percent_covered": 0.0, "percent_covered_display": "0", "missing_lines": 19, "excluded_lines": 0}, "missing_lines": [5, 6, 7, 9, 10, 11, 12, 14, 17, 24, 31, 38, 39, 103, 104, 155, 156, 201, 202], "excluded_lines": []}}, "classes": {"": {"executed_lines": [], "summary": {"covered_lines": 0, "num_statements": 74, "percent_covered": 0.0, "percent_covered_display": "0", "missing_lines": 74, "excluded_lines": 0}, "missing_lines": [5, 6, 7, 9, 10, 11, 12, 14, 17, 19, 20, 21, 24, 26, 27, 28, 31, 33, 34, 35, 38, 39, 53, 67, 68, 69, 70, 73, 80, 81, 82, 89, 90, 91, 92, 100, 103, 104, 114, 127, 128, 129, 130, 138, 139, 149, 150, 152, 155, 156, 175, 176, 178, 179, 182, 185, 187, 188, 190, 191, 193, 201, 202, 215, 216, 221, 222, 226, 228, 231, 234, 236, 239, 241], "excluded_lines": []}}}, "app/api/utils/__init__.py": {"executed_lines": [], "summary": {"covered_lines": 0, "num_statements": 2, "percent_covered": 0.0, "percent_covered_display": "0", "missing_lines": 2, "excluded_lines": 0}, "missing_lines": [3, 11], "excluded_lines": [], "functions": {"": {"executed_lines": [], "summary": {"covered_lines": 0, "num_statements": 2, "percent_covered": 0.0, "percent_covered_display": "0", "missing_lines": 2, "excluded_lines": 0}, "missing_lines": [3, 11], "excluded_lines": []}}, "classes": {"": {"executed_lines": [], "summary": {"covered_lines": 0, "num_statements": 2, "percent_covered": 0.0, "percent_covered_display": "0", "missing_lines": 2, "excluded_lines": 0}, "missing_lines": [3, 11], "excluded_lines": []}}}, "app/api/utils/error_handling.py": {"executed_lines": [], "summary": {"covered_lines": 0, "num_statements": 101, "percent_covered": 0.0, "percent_covered_display": "0", "missing_lines": 101, "excluded_lines": 0}, "missing_lines": [3, 4, 5, 6, 7, 8, 10, 12, 15, 18, 26, 27, 28, 29, 32, 40, 43, 46, 47, 54, 62, 63, 70, 78, 79, 86, 94, 95, 102, 110, 111, 118, 126, 127, 134, 142, 143, 150, 158, 159, 166, 174, 175, 183, 184, 185, 187, 195, 196, 203, 211, 212, 220, 221, 222, 224, 233, 235, 236, 237, 238, 239, 242, 251, 258, 259, 262, 263, 264, 265, 267, 271, 292, 296, 297, 298, 299, 302, 305, 306, 307, 309, 318, 319, 322, 331, 339, 346, 348, 355, 357, 364, 366, 373, 375, 382, 384, 392, 393, 394, 395], "excluded_lines": [], "functions": {"APIError.__init__": {"executed_lines": [], "summary": {"covered_lines": 0, "num_statements": 6, "percent_covered": 0.0, "percent_covered_display": "0", "missing_lines": 6, "excluded_lines": 0}, "missing_lines": [26, 27, 28, 29, 32, 40], "excluded_lines": []}, "ErrorFactory.create_validation_error": {"executed_lines": [], "summary": {"covered_lines": 0, "num_statements": 1, "percent_covered": 0.0, "percent_covered_display": "0", "missing_lines": 1, "excluded_lines": 0}, "missing_lines": [54], "excluded_lines": []}, "ErrorFactory.create_unauthorized_error": {"executed_lines": [], "summary": {"covered_lines": 0, "num_statements": 1, "percent_covered": 0.0, "percent_covered_display": "0", "missing_lines": 1, "excluded_lines": 0}, "missing_lines": [70], "excluded_lines": []}, "ErrorFactory.create_forbidden_error": {"executed_lines": [], "summary": {"covered_lines": 0, "num_statements": 1, "percent_covered": 0.0, "percent_covered_display": "0", "missing_lines": 1, "excluded_lines": 0}, "missing_lines": [86], "excluded_lines": []}, "ErrorFactory.create_not_found_error": {"executed_lines": [], "summary": {"covered_lines": 0, "num_statements": 1, "percent_covered": 0.0, "percent_covered_display": "0", "missing_lines": 1, "excluded_lines": 0}, "missing_lines": [102], "excluded_lines": []}, "ErrorFactory.create_conflict_error": {"executed_lines": [], "summary": {"covered_lines": 0, "num_statements": 1, "percent_covered": 0.0, "percent_covered_display": "0", "missing_lines": 1, "excluded_lines": 0}, "missing_lines": [118], "excluded_lines": []}, "ErrorFactory.create_payload_too_large_error": {"executed_lines": [], "summary": {"covered_lines": 0, "num_statements": 1, "percent_covered": 0.0, "percent_covered_display": "0", "missing_lines": 1, "excluded_lines": 0}, "missing_lines": [134], "excluded_lines": []}, "ErrorFactory.create_unsupported_media_type_error": {"executed_lines": [], "summary": {"covered_lines": 0, "num_statements": 1, "percent_covered": 0.0, "percent_covered_display": "0", "missing_lines": 1, "excluded_lines": 0}, "missing_lines": [150], "excluded_lines": []}, "ErrorFactory.create_unprocessable_entity_error": {"executed_lines": [], "summary": {"covered_lines": 0, "num_statements": 1, "percent_covered": 0.0, "percent_covered_display": "0", "missing_lines": 1, "excluded_lines": 0}, "missing_lines": [166], "excluded_lines": []}, "ErrorFactory.create_rate_limit_error": {"executed_lines": [], "summary": {"covered_lines": 0, "num_statements": 4, "percent_covered": 0.0, "percent_covered_display": "0", "missing_lines": 4, "excluded_lines": 0}, "missing_lines": [183, 184, 185, 187], "excluded_lines": []}, "ErrorFactory.create_internal_server_error": {"executed_lines": [], "summary": {"covered_lines": 0, "num_statements": 1, "percent_covered": 0.0, "percent_covered_display": "0", "missing_lines": 1, "excluded_lines": 0}, "missing_lines": [203], "excluded_lines": []}, "ErrorFactory.create_service_unavailable_error": {"executed_lines": [], "summary": {"covered_lines": 0, "num_statements": 4, "percent_covered": 0.0, "percent_covered_display": "0", "missing_lines": 4, "excluded_lines": 0}, "missing_lines": [220, 221, 222, 224], "excluded_lines": []}, "get_correlation_id": {"executed_lines": [], "summary": {"covered_lines": 0, "num_statements": 5, "percent_covered": 0.0, "percent_covered_display": "0", "missing_lines": 5, "excluded_lines": 0}, "missing_lines": [235, 236, 237, 238, 239], "excluded_lines": []}, "log_api_error": {"executed_lines": [], "summary": {"covered_lines": 0, "num_statements": 8, "percent_covered": 0.0, "percent_covered_display": "0", "missing_lines": 8, "excluded_lines": 0}, "missing_lines": [251, 258, 259, 262, 263, 264, 265, 267], "excluded_lines": []}, "generate_error_code": {"executed_lines": [], "summary": {"covered_lines": 0, "num_statements": 4, "percent_covered": 0.0, "percent_covered_display": "0", "missing_lines": 4, "excluded_lines": 0}, "missing_lines": [296, 297, 298, 299], "excluded_lines": []}, "EndpointErrorHandler.__init__": {"executed_lines": [], "summary": {"covered_lines": 0, "num_statements": 2, "percent_covered": 0.0, "percent_covered_display": "0", "missing_lines": 2, "excluded_lines": 0}, "missing_lines": [306, 307], "excluded_lines": []}, "EndpointErrorHandler.create_error": {"executed_lines": [], "summary": {"covered_lines": 0, "num_statements": 4, "percent_covered": 0.0, "percent_covered_display": "0", "missing_lines": 4, "excluded_lines": 0}, "missing_lines": [318, 319, 322, 331], "excluded_lines": []}, "EndpointErrorHandler.validation_error": {"executed_lines": [], "summary": {"covered_lines": 0, "num_statements": 1, "percent_covered": 0.0, "percent_covered_display": "0", "missing_lines": 1, "excluded_lines": 0}, "missing_lines": [346], "excluded_lines": []}, "EndpointErrorHandler.payload_too_large_error": {"executed_lines": [], "summary": {"covered_lines": 0, "num_statements": 1, "percent_covered": 0.0, "percent_covered_display": "0", "missing_lines": 1, "excluded_lines": 0}, "missing_lines": [355], "excluded_lines": []}, "EndpointErrorHandler.unsupported_media_type_error": {"executed_lines": [], "summary": {"covered_lines": 0, "num_statements": 1, "percent_covered": 0.0, "percent_covered_display": "0", "missing_lines": 1, "excluded_lines": 0}, "missing_lines": [364], "excluded_lines": []}, "EndpointErrorHandler.unprocessable_entity_error": {"executed_lines": [], "summary": {"covered_lines": 0, "num_statements": 1, "percent_covered": 0.0, "percent_covered_display": "0", "missing_lines": 1, "excluded_lines": 0}, "missing_lines": [373], "excluded_lines": []}, "EndpointErrorHandler.internal_server_error": {"executed_lines": [], "summary": {"covered_lines": 0, "num_statements": 1, "percent_covered": 0.0, "percent_covered_display": "0", "missing_lines": 1, "excluded_lines": 0}, "missing_lines": [382], "excluded_lines": []}, "EndpointErrorHandler.service_unavailable_error": {"executed_lines": [], "summary": {"covered_lines": 0, "num_statements": 4, "percent_covered": 0.0, "percent_covered_display": "0", "missing_lines": 4, "excluded_lines": 0}, "missing_lines": [392, 393, 394, 395], "excluded_lines": []}, "": {"executed_lines": [], "summary": {"covered_lines": 0, "num_statements": 46, "percent_covered": 0.0, "percent_covered_display": "0", "missing_lines": 46, "excluded_lines": 0}, "missing_lines": [3, 4, 5, 6, 7, 8, 10, 12, 15, 18, 43, 46, 47, 62, 63, 78, 79, 94, 95, 110, 111, 126, 127, 142, 143, 158, 159, 174, 175, 195, 196, 211, 212, 233, 242, 271, 292, 302, 305, 309, 339, 348, 357, 366, 375, 384], "excluded_lines": []}}, "classes": {"APIError": {"executed_lines": [], "summary": {"covered_lines": 0, "num_statements": 6, "percent_covered": 0.0, "percent_covered_display": "0", "missing_lines": 6, "excluded_lines": 0}, "missing_lines": [26, 27, 28, 29, 32, 40], "excluded_lines": []}, "ErrorFactory": {"executed_lines": [], "summary": {"covered_lines": 0, "num_statements": 17, "percent_covered": 0.0, "percent_covered_display": "0", "missing_lines": 17, "excluded_lines": 0}, "missing_lines": [54, 70, 86, 102, 118, 134, 150, 166, 183, 184, 185, 187, 203, 220, 221, 222, 224], "excluded_lines": []}, "EndpointErrorHandler": {"executed_lines": [], "summary": {"covered_lines": 0, "num_statements": 15, "percent_covered": 0.0, "percent_covered_display": "0", "missing_lines": 15, "excluded_lines": 0}, "missing_lines": [306, 307, 318, 319, 322, 331, 346, 355, 364, 373, 382, 392, 393, 394, 395], "excluded_lines": []}, "": {"executed_lines": [], "summary": {"covered_lines": 0, "num_statements": 63, "percent_covered": 0.0, "percent_covered_display": "0", "missing_lines": 63, "excluded_lines": 0}, "missing_lines": [3, 4, 5, 6, 7, 8, 10, 12, 15, 18, 43, 46, 47, 62, 63, 78, 79, 94, 95, 110, 111, 126, 127, 142, 143, 158, 159, 174, 175, 195, 196, 211, 212, 233, 235, 236, 237, 238, 239, 242, 251, 258, 259, 262, 263, 264, 265, 267, 271, 292, 296, 297, 298, 299, 302, 305, 309, 339, 348, 357, 366, 375, 384], "excluded_lines": []}}}, "app/api/utils/validation.py": {"executed_lines": [], "summary": {"covered_lines": 0, "num_statements": 51, "percent_covered": 0.0, "percent_covered_display": "0", "missing_lines": 51, "excluded_lines": 0}, "missing_lines": [3, 4, 5, 6, 8, 9, 10, 12, 15, 36, 37, 40, 41, 44, 45, 55, 56, 69, 72, 84, 86, 89, 92, 100, 101, 102, 103, 104, 105, 107, 108, 109, 110, 111, 112, 113, 114, 123, 124, 125, 128, 141, 142, 144, 145, 148, 151, 171, 177, 178, 180], "excluded_lines": [], "functions": {"validate_uploaded_file": {"executed_lines": [], "summary": {"covered_lines": 0, "num_statements": 9, "percent_covered": 0.0, "percent_covered_display": "0", "missing_lines": 9, "excluded_lines": 0}, "missing_lines": [36, 37, 40, 41, 44, 45, 55, 56, 69], "excluded_lines": []}, "secure_memory_clear": {"executed_lines": [], "summary": {"covered_lines": 0, "num_statements": 2, "percent_covered": 0.0, "percent_covered_display": "0", "missing_lines": 2, "excluded_lines": 0}, "missing_lines": [84, 86], "excluded_lines": []}, "SemaphoreContextManager.__init__": {"executed_lines": [], "summary": {"covered_lines": 0, "num_statements": 6, "percent_covered": 0.0, "percent_covered_display": "0", "missing_lines": 6, "excluded_lines": 0}, "missing_lines": [100, 101, 102, 103, 104, 105], "excluded_lines": []}, "SemaphoreContextManager.__aenter__": {"executed_lines": [], "summary": {"covered_lines": 0, "num_statements": 7, "percent_covered": 0.0, "percent_covered_display": "0", "missing_lines": 7, "excluded_lines": 0}, "missing_lines": [108, 109, 110, 111, 112, 113, 114], "excluded_lines": []}, "SemaphoreContextManager.__aexit__": {"executed_lines": [], "summary": {"covered_lines": 0, "num_statements": 2, "percent_covered": 0.0, "percent_covered_display": "0", "missing_lines": 2, "excluded_lines": 0}, "missing_lines": [124, 125], "excluded_lines": []}, "validate_content_type": {"executed_lines": [], "summary": {"covered_lines": 0, "num_statements": 5, "percent_covered": 0.0, "percent_covered_display": "0", "missing_lines": 5, "excluded_lines": 0}, "missing_lines": [141, 142, 144, 145, 148], "excluded_lines": []}, "create_error_response": {"executed_lines": [], "summary": {"covered_lines": 0, "num_statements": 4, "percent_covered": 0.0, "percent_covered_display": "0", "missing_lines": 4, "excluded_lines": 0}, "missing_lines": [171, 177, 178, 180], "excluded_lines": []}, "": {"executed_lines": [], "summary": {"covered_lines": 0, "num_statements": 16, "percent_covered": 0.0, "percent_covered_display": "0", "missing_lines": 16, "excluded_lines": 0}, "missing_lines": [3, 4, 5, 6, 8, 9, 10, 12, 15, 72, 89, 92, 107, 123, 128, 151], "excluded_lines": []}}, "classes": {"SemaphoreContextManager": {"executed_lines": [], "summary": {"covered_lines": 0, "num_statements": 15, "percent_covered": 0.0, "percent_covered_display": "0", "missing_lines": 15, "excluded_lines": 0}, "missing_lines": [100, 101, 102, 103, 104, 105, 108, 109, 110, 111, 112, 113, 114, 124, 125], "excluded_lines": []}, "": {"executed_lines": [], "summary": {"covered_lines": 0, "num_statements": 36, "percent_covered": 0.0, "percent_covered_display": "0", "missing_lines": 36, "excluded_lines": 0}, "missing_lines": [3, 4, 5, 6, 8, 9, 10, 12, 15, 36, 37, 40, 41, 44, 45, 55, 56, 69, 72, 84, 86, 89, 92, 107, 123, 128, 141, 142, 144, 145, 148, 151, 171, 177, 178, 180], "excluded_lines": []}}}, "app/api/websockets/__init__.py": {"executed_lines": [], "summary": {"covered_lines": 0, "num_statements": 2, "percent_covered": 0.0, "percent_covered_display": "0", "missing_lines": 2, "excluded_lines": 0}, "missing_lines": [3, 10], "excluded_lines": [], "functions": {"": {"executed_lines": [], "summary": {"cove
[...]
, 165, 167, 168, 171, 173, 174, 176, 200, 201, 204, 205, 208, 209, 210, 212, 220, 223, 224, 227, 230, 231, 232, 234, 235, 236, 237, 239, 240, 241, 242, 244, 245, 248, 249, 251, 254, 255, 256, 259, 260, 263, 264, 265, 269, 279, 294, 295, 297, 298, 300, 301, 304, 305, 308, 309, 312, 314, 315, 317, 318, 320, 322, 323, 325, 327, 339, 340, 342, 343, 345, 346, 348, 349, 351, 353, 365, 367, 369, 370, 373, 374, 379, 380, 387, 388, 390, 393, 395, 404, 405, 406, 407, 409, 415, 416, 425, 434, 435, 437, 449, 451], "excluded_lines": [], "functions": {"PresetService.__init__": {"executed_lines": [], "summary": {"covered_lines": 0, "num_statements": 4, "percent_covered": 0.0, "percent_covered_display": "0", "missing_lines": 4, "excluded_lines": 0}, "missing_lines": [33, 34, 35, 36], "excluded_lines": []}, "PresetService.initialize": {"executed_lines": [], "summary": {"covered_lines": 0, "num_statements": 4, "percent_covered": 0.0, "percent_covered_display": "0", "missing_lines": 4, "excluded_lines": 0}, "missing_lines": [40, 41, 43, 44], "excluded_lines": []}, "PresetService._ensure_builtin_presets": {"executed_lines": [], "summary": {"covered_lines": 0, "num_statements": 8, "percent_covered": 0.0, "percent_covered_display": "0", "missing_lines": 8, "excluded_lines": 0}, "missing_lines": [48, 82, 83, 85, 91, 92, 99, 101], "excluded_lines": []}, "PresetService.create_preset": {"executed_lines": [], "summary": {"covered_lines": 0, "num_statements": 9, "percent_covered": 0.0, "percent_covered_display": "0", "missing_lines": 9, "excluded_lines": 0}, "missing_lines": [115, 117, 120, 121, 126, 134, 135, 136, 138], "excluded_lines": []}, "PresetService.get_preset": {"executed_lines": [], "summary": {"covered_lines": 0, "num_statements": 5, "percent_covered": 0.0, "percent_covered_display": "0", "missing_lines": 5, "excluded_lines": 0}, "missing_lines": [149, 150, 151, 152, 153], "excluded_lines": []}, "PresetService.list_presets": {"executed_lines": [], "summary": {"covered_lines": 0, "num_statements": 7, "percent_covered": 0.0, "percent_covered_display": "0", "missing_lines": 7, "excluded_lines": 0}, "missing_lines": [164, 165, 167, 168, 171, 173, 174], "excluded_lines": []}, "PresetService.list_presets_advanced": {"executed_lines": [], "summary": {"covered_lines": 0, "num_statements": 37, "percent_covered": 0.0, "percent_covered_display": "0", "missing_lines": 37, "excluded_lines": 0}, "missing_lines": [200, 201, 204, 205, 208, 209, 210, 212, 220, 223, 224, 227, 230, 231, 232, 234, 235, 236, 237, 239, 240, 241, 242, 244, 245, 248, 249, 251, 254, 255, 256, 259, 260, 263, 264, 265, 269], "excluded_lines": []}, "PresetService.update_preset": {"executed_lines": [], "summary": {"covered_lines": 0, "num_statements": 19, "percent_covered": 0.0, "percent_covered_display": "0", "missing_lines": 19, "excluded_lines": 0}, "missing_lines": [294, 295, 297, 298, 300, 301, 304, 305, 308, 309, 312, 314, 315, 317, 318, 320, 322, 323, 325], "excluded_lines": []}, "PresetService.delete_preset": {"executed_lines": [], "summary": {"covered_lines": 0, "num_statements": 9, "percent_covered": 0.0, "percent_covered_display": "0", "missing_lines": 9, "excluded_lines": 0}, "missing_lines": [339, 340, 342, 343, 345, 346, 348, 349, 351], "excluded_lines": []}, "PresetService.import_presets": {"executed_lines": [], "summary": {"covered_lines": 0, "num_statements": 12, "percent_covered": 0.0, "percent_covered_display": "0", "missing_lines": 12, "excluded_lines": 0}, "missing_lines": [365, 367, 369, 370, 373, 374, 379, 380, 387, 388, 390, 393], "excluded_lines": []}, "PresetService.export_preset": {"executed_lines": [], "summary": {"covered_lines": 0, "num_statements": 4, "percent_covered": 0.0, "percent_covered_display": "0", "missing_lines": 4, "excluded_lines": 0}, "missing_lines": [404, 405, 406, 407], "excluded_lines": []}, "PresetService.export_all_presets": {"executed_lines": [], "summary": {"covered_lines": 0, "num_statements": 2, "percent_covered": 0.0, "percent_covered_display": "0", "missing_lines": 2, "excluded_lines": 0}, "missing_lines": [415, 416], "excluded_lines": []}, "PresetService._preset_to_response": {"executed_lines": [], "summary": {"covered_lines": 0, "num_statements": 3, "percent_covered": 0.0, "percent_covered_display": "0", "missing_lines": 3, "excluded_lines": 0}, "missing_lines": [434, 435, 437], "excluded_lines": []}, "": {"executed_lines": [], "summary": {"covered_lines": 0, "num_statements": 26, "percent_covered": 0.0, "percent_covered_display": "0", "missing_lines": 26, "excluded_lines": 0}, "missing_lines": [3, 4, 5, 6, 7, 8, 9, 11, 12, 21, 24, 27, 38, 46, 103, 140, 155, 176, 279, 327, 353, 395, 409, 425, 449, 451], "excluded_lines": []}}, "classes": {"PresetService": {"executed_lines": [], "summary": {"covered_lines": 0, "num_statements": 123, "percent_covered": 0.0, "percent_covered_display": "0", "missing_lines": 123, "excluded_lines": 0}, "missing_lines": [33, 34, 35, 36, 40, 41, 43, 44, 48, 82, 83, 85, 91, 92, 99, 101, 115, 117, 120, 121, 126, 134, 135, 136, 138, 149, 150, 151, 152, 153, 164, 165, 167, 168, 171, 173, 174, 200, 201, 204, 205, 208, 209, 210, 212, 220, 223, 224, 227, 230, 231, 232, 234, 235, 236, 237, 239, 240, 241, 242, 244, 245, 248, 249, 251, 254, 255, 256, 259, 260, 263, 264, 265, 269, 294, 295, 297, 298, 300, 301, 304, 305, 308, 309, 312, 314, 315, 317, 318, 320, 322, 323, 325, 339, 340, 342, 343, 345, 346, 348, 349, 351, 365, 367, 369, 370, 373, 374, 379, 380, 387, 388, 390, 393, 404, 405, 406, 407, 415, 416, 434, 435, 437], "excluded_lines": []}, "": {"executed_lines": [], "summary": {"covered_lines": 0, "num_statements": 26, "percent_covered": 0.0, "percent_covered_display": "0", "missing_lines": 26, "excluded_lines": 0}, "missing_lines": [3, 4, 5, 6, 7, 8, 9, 11, 12, 21, 24, 27, 38, 46, 103, 140, 155, 176, 279, 327, 353, 395, 409, 425, 449, 451], "excluded_lines": []}}}, "app/services/recommendation_service.py": {"executed_lines": [], "summary": {"covered_lines": 0, "num_statements": 124, "percent_covered": 0.0, "percent_covered_display": "0", "missing_lines": 124, "excluded_lines": 0}, "missing_lines": [3, 4, 5, 6, 7, 9, 10, 16, 17, 18, 19, 20, 26, 29, 32, 39, 40, 41, 43, 44, 47, 52, 53, 55, 57, 60, 61, 65, 67, 81, 84, 85, 87, 88, 93, 94, 95, 96, 97, 99, 101, 103, 105, 110, 117, 120, 121, 130, 133, 135, 139, 140, 143, 145, 147, 148, 149, 152, 153, 154, 157, 158, 159, 163, 168, 170, 173, 178, 179, 180, 183, 188, 191, 195, 210, 216, 219, 222, 229, 230, 231, 242, 244, 246, 254, 256, 271, 272, 277, 278, 280, 281, 283, 295, 296, 300, 309, 310, 311, 313, 327, 328, 333, 335, 337, 339, 340, 341, 343, 355, 357, 358, 361, 365, 374, 376, 386, 388, 390, 400, 402, 404, 405, 409], "excluded_lines": [], "functions": {"RecommendationService.__init__": {"executed_lines": [], "summary": {"covered_lines": 0, "num_statements": 9, "percent_covered": 0.0, "percent_covered_display": "0", "missing_lines": 9, "excluded_lines": 0}, "missing_lines": [39, 40, 41, 43, 44, 47, 52, 53, 55], "excluded_lines": []}, "RecommendationService._get_preference_callback": {"executed_lines": [], "summary": {"covered_lines": 0, "num_statements": 2, "percent_covered": 0.0, "percent_covered_display": "0", "missing_lines": 2, "excluded_lines": 0}, "missing_lines": [60, 65], "excluded_lines": []}, "RecommendationService._get_preference_callback.callback": {"executed_lines": [], "summary": {"covered_lines": 0, "num_statements": 1, "percent_covered": 0.0, "percent_covered_display": "0", "missing_lines": 1, "excluded_lines": 0}, "missing_lines": [61], "excluded_lines": []}, "RecommendationService.get_recommendations": {"executed_lines": [], "summary": {"covered_lines": 0, "num_statements": 34, "percent_covered": 0.0, "percent_covered_display": "0", "missing_lines": 34, "excluded_lines": 0}, "missing_lines": [81, 84, 85, 87, 88, 93, 94, 95, 96, 97, 99, 101, 103, 105, 110, 117, 120, 121, 130, 133, 135, 139, 140, 143, 145, 147, 148, 149, 152, 153, 154, 157, 158, 159], "excluded_lines": []}, "RecommendationService._create_override_recommendation": {"executed_lines": [], "summary": {"covered_lines": 0, "num_statements": 10, "percent_covered": 0.0, "percent_covered_display": "0", "missing_lines": 10, "excluded_lines": 0}, "missing_lines": [168, 170, 173, 178, 179, 180, 183, 188, 191, 195], "excluded_lines": []}, "RecommendationService._create_comparison_matrix": {"executed_lines": [], "summary": {"covered_lines": 0, "num_statements": 7, "percent_covered": 0.0, "percent_covered_display": "0", "missing_lines": 7, "excluded_lines": 0}, "missing_lines": [216, 219, 222, 229, 230, 231, 242], "excluded_lines": []}, "RecommendationService._create_cache_key": {"executed_lines": [], "summary": {"covered_lines": 0, "num_statements": 2, "percent_covered": 0.0, "percent_covered_display": "0", "missing_lines": 2, "excluded_lines": 0}, "missing_lines": [246, 254], "excluded_lines": []}, "RecommendationService.record_user_choice": {"executed_lines": [], "summary": {"covered_lines": 0, "num_statements": 6, "percent_covered": 0.0, "percent_covered_display": "0", "missing_lines": 6, "excluded_lines": 0}, "missing_lines": [271, 272, 277, 278, 280, 281], "excluded_lines": []}, "RecommendationService.get_user_preferences": {"executed_lines": [], "summary": {"covered_lines": 0, "num_statements": 6, "percent_covered": 0.0, "percent_covered_display": "0", "missing_lines": 6, "excluded_lines": 0}, "missing_lines": [295, 296, 300, 309, 310, 311], "excluded_lines": []}, "RecommendationService.reset_preferences": {"executed_lines": [], "summary": {"covered_lines": 0, "num_statements": 8, "percent_covered": 0.0, "percent_covered_display": "0", "missing_lines": 8, "excluded_lines": 0}, "missing_lines": [327, 328, 333, 335, 337, 339, 340, 341], "excluded_lines": []}, "RecommendationService.get_format_details": {"executed_lines": [], "summary": {"covered_lines": 0, "num_statements": 5, "percent_covered": 0.0, "percent_covered_display": "0", "missing_lines": 5, "excluded_lines": 0}, "missing_lines": [355, 357, 358, 361, 365], "excluded_lines": []}, "RecommendationService._get_format_description": {"executed_lines": [], "summary": {"covered_lines": 0, "num_statements": 2, "percent_covered": 0.0, "percent_covered_display": "0", "missing_lines": 2, "excluded_lines": 0}, "missing_lines": [376, 386], "excluded_lines": []}, "RecommendationService._get_best_use_cases": {"executed_lines": [], "summary": {"covered_lines": 0, "num_statements": 2, "percent_covered": 0.0, "percent_covered_display": "0", "missing_lines": 2, "excluded_lines": 0}, "missing_lines": [390, 400], "excluded_lines": []}, "RecommendationService.clear_cache": {"executed_lines": [], "summary": {"covered_lines": 0, "num_statements": 2, "percent_covered": 0.0, "percent_covered_display": "0", "missing_lines": 2, "excluded_lines": 0}, "missing_lines": [404, 405], "excluded_lines": []}, "": {"executed_lines": [], "summary": {"covered_lines": 0, "num_statements": 28, "percent_covered": 0.0, "percent_covered_display": "0", "missing_lines": 28, "excluded_lines": 0}, "missing_lines": [3, 4, 5, 6, 7, 9, 10, 16, 17, 18, 19, 20, 26, 29, 32, 57, 67, 163, 210, 244, 256, 283, 313, 343, 374, 388, 402, 409], "excluded_lines": []}}, "classes": {"RecommendationService": {"executed_lines": [], "summary": {"covered_lines": 0, "num_statements": 96, "percent_covered": 0.0, "percent_covered_display": "0", "missing_lines": 96, "excluded_lines": 0}, "missing_lines": [39, 40, 41, 43, 44, 47, 52, 53, 55, 60, 61, 65, 81, 84, 85, 87, 88, 93, 94, 95, 96, 97, 99, 101, 103, 105, 110, 117, 120, 121, 130, 133, 135, 139, 140, 143, 145, 147, 148, 149, 152, 153, 154, 157, 158, 159, 168, 170, 173, 178, 179, 180, 183, 188, 191, 195, 216, 219, 222, 229, 230, 231, 242, 246, 254, 271, 272, 277, 278, 280, 281, 295, 296, 300, 309, 310, 311, 327, 328, 333, 335, 337, 339, 340, 341, 355, 357, 358, 361, 365, 376, 386, 390, 400, 404, 405], "excluded_lines": []}, "": {"executed_lines": [], "summary": {"covered_lines": 0, "num_statements": 28, "percent_covered": 0.0, "percent_covered_display": "0", "missing_lines": 28, "excluded_lines": 0}, "missing_lines": [3, 4, 5, 6, 7, 9, 10, 16, 17, 18, 19, 20, 26, 29, 32, 57, 67, 163, 210, 244, 256, 283, 313, 343, 374, 388, 402, 409], "excluded_lines": []}}}, "app/services/recovery_service.py": {"executed_lines": [], "summary": {"covered_lines": 0, "num_statements": 45, "percent_covered": 0.0, "percent_covered_display": "0", "missing_lines": 45, "excluded_lines": 0}, "missing_lines": [6, 7, 8, 11, 14, 15, 16, 18, 29, 30, 37, 39, 42, 43, 45, 46, 48, 50, 52, 53, 59, 61, 62, 65, 66, 69, 70, 75, 77, 79, 88, 90, 91, 92, 93, 95, 97, 98, 100, 101, 102, 104, 106, 108, 119], "excluded_lines": [], "functions": {"RecoveryService.__init__": {"executed_lines": [], "summary": {"covered_lines": 0, "num_statements": 2, "percent_covered": 0.0, "percent_covered_display": "0", "missing_lines": 2, "excluded_lines": 0}, "missing_lines": [15, 16], "excluded_lines": []}, "RecoveryService.attempt_recovery": {"executed_lines": [], "summary": {"covered_lines": 0, "num_statements": 21, "percent_covered": 0.0, "percent_covered_display": "0", "missing_lines": 21, "excluded_lines": 0}, "missing_lines": [29, 30, 37, 39, 42, 43, 45, 46, 48, 50, 52, 53, 59, 61, 62, 65, 66, 69, 70, 75, 77], "excluded_lines": []}, "RecoveryService._attempt_partial_recovery": {"executed_lines": [], "summary": {"covered_lines": 0, "num_statements": 12, "percent_covered": 0.0, "percent_covered_display": "0", "missing_lines": 12, "excluded_lines": 0}, "missing_lines": [88, 90, 91, 92, 93, 95, 97, 98, 100, 101, 102, 104], "excluded_lines": []}, "RecoveryService.get_statistics": {"executed_lines": [], "summary": {"covered_lines": 0, "num_statements": 1, "percent_covered": 0.0, "percent_covered_display": "0", "missing_lines": 1, "excluded_lines": 0}, "missing_lines": [108], "excluded_lines": []}, "": {"executed_lines": [], "summary": {"covered_lines": 0, "num_statements": 9, "percent_covered": 0.0, "percent_covered_display": "0", "missing_lines": 9, "excluded_lines": 0}, "missing_lines": [6, 7, 8, 11, 14, 18, 79, 106, 119], "excluded_lines": []}}, "classes": {"RecoveryService": {"executed_lines": [], "summary": {"covered_lines": 0, "num_statements": 36, "percent_covered": 0.0, "percent_covered_display": "0", "missing_lines": 36, "excluded_lines": 0}, "missing_lines": [15, 16, 29, 30, 37, 39, 42, 43, 45, 46, 48, 50, 52, 53, 59, 61, 62, 65, 66, 69, 70, 75, 77, 88, 90, 91, 92, 93, 95, 97, 98, 100, 101, 102, 104, 108], "excluded_lines": []}, "": {"executed_lines": [], "summary": {"covered_lines": 0, "num_statements": 9, "percent_covered": 0.0, "percent_covered_display": "0", "missing_lines": 9, "excluded_lines": 0}, "missing_lines": [6, 7, 8, 11, 14, 18, 79, 106, 119], "excluded_lines": []}}}, "app/utils/__init__.py": {"executed_lines": [], "summary": {"covered_lines": 0, "num_statements": 0, "percent_covered": 100.0, "percent_covered_display": "100", "missing_lines": 0, "excluded_lines": 0}, "missing_lines": [], "excluded_lines": [], "functions": {"": {"executed_lines": [], "summary": {"covered_lines": 0, "num_statements": 0, "percent_covered": 100.0, "percent_covered_display": "100", "missing_lines": 0, "excluded_lines": 0}, "missing_lines": [], "excluded_lines": []}}, "classes": {"": {"executed_lines": [], "summary": {"covered_lines": 0, "num_statements": 0, "percent_covered": 100.0, "percent_covered_display": "100", "missing_lines": 0, "excluded_lines": 0}, "missing_lines": [], "excluded_lines": []}}}, "app/utils/logging.py": {"executed_lines": [], "summary": {"covered_lines": 0, "num_statements": 89, "percent_covered": 0.0, "percent_covered_display": "0", "missing_lines": 89, "excluded_lines": 0}, "missing_lines": [1, 2, 3, 4, 5, 6, 7, 8, 11, 13, 41, 43, 44, 46, 47, 48, 50, 52, 53, 54, 60, 63, 64, 65, 66, 67, 69, 72, 73, 75, 76, 78, 79, 81, 86, 87, 89, 92, 94, 96, 99, 102, 123, 126, 127, 128, 131, 132, 133, 136, 142, 143, 146, 159, 160, 162, 164, 172, 180, 181, 182, 185, 187, 190, 193, 194, 195, 197, 198, 199, 200, 201, 203, 204, 205, 208, 215, 216, 218, 220, 221, 222, 223, 224, 225, 226, 228, 229, 231], "excluded_lines": [], "functions": {"filter_sensitive_data": {"executed_lines": [], "summary": {"covered_lines": 0, "num_statements": 3, "percent_covered": 0.0, "percent_covered_display": "0", "missing_lines": 3, "excluded_lines": 0}, "missing_lines": [13, 41, 89], "excluded_lines": []}, "filter_sensitive_data._recursive_filter": {"executed_lines": [], "summary": {"covered_lines": 0, "num_statements": 25, "percent_covered": 0.0, "percent_covered_display": "0", "missing_lines": 25, "excluded_lines": 0}, "missing_lines": [43, 44, 46, 47, 48, 50, 52, 53, 54, 60, 63, 64, 65, 66, 67, 69, 72, 73, 75, 76, 78, 79, 81, 86, 87], "excluded_lines": []}, "add_correlation_id": {"executed_lines": [], "summary": {"covered_lines": 0, "num_statements": 3, "percent_covered": 0.0, "percent_covered_display": "0", "missing_lines": 3, "excluded_lines": 0}, "missing_lines": [94, 96, 99], "excluded_lines": []}, "setup_logging": {"executed_lines": [], "summary": {"covered_lines": 0, "num_statements": 19, "percent_covered": 0.0, "percent_covered_display": "0", "missing_lines": 19, "excluded_lines": 0}, "missing_lines": [123, 126, 127, 128, 131, 132, 133, 136, 142, 143, 146, 159, 160, 162, 164, 172, 180, 181, 182], "excluded_lines": []}, "get_logger": {"executed_lines": [], "summary": {"covered_lines": 0, "num_statements": 1, "percent_covered": 0.0, "percent_covered_display": "0", "missing_lines": 1, "excluded_lines": 0}, "missing_lines": [187], "excluded_lines": []}, "LoggingContext.__init__": {"executed_lines": [], "summary": {"covered_lines": 0, "num_statements": 2, "percent_covered": 0.0, "percent_covered_display": "0", "missing_lines": 2, "excluded_lines": 0}, "missing_lines": [194, 195], "excluded_lines": []}, "LoggingContext.__enter__": {"executed_lines": [], "summary": {"covered_lines": 0, "num_statements": 4, "percent_covered": 0.0, "percent_covered_display": "0", "missing_lines": 4, "excluded_lines": 0}, "missing_lines": [198, 199, 200, 201], "excluded_lines": []}, "LoggingContext.__exit__": {"executed_lines": [], "summary": {"covered_lines": 0, "num_statements": 2, "percent_covered": 0.0, "percent_covered_display": "0", "missing_lines": 2, "excluded_lines": 0}, "missing_lines": [204, 205], "excluded_lines": []}, "cleanup_old_logs": {"executed_lines": [], "summary": {"covered_lines": 0, "num_statements": 13, "percent_covered": 0.0, "percent_covered_display": "0", "missing_lines": 13, "excluded_lines": 0}, "missing_lines": [215, 216, 218, 220, 221, 222, 223, 224, 225, 226, 228, 229, 231], "excluded_lines": []}, "": {"executed_lines": [], "summary": {"covered_lines": 0, "num_statements": 17, "percent_covered": 0.0, "percent_covered_display": "0", "missing_lines": 17, "excluded_lines": 0}, "missing_lines": [1, 2, 3, 4, 5, 6, 7, 8, 11, 92, 102, 185, 190, 193, 197, 203, 208], "excluded_lines": []}}, "classes": {"LoggingContext": {"executed_lines": [], "summary": {"covered_lines": 0, "num_statements": 8, "percent_covered": 0.0, "percent_covered_display": "0", "missing_lines": 8, "excluded_lines": 0}, "missing_lines": [194, 195, 198, 199, 200, 201, 204, 205], "excluded_lines": []}, "": {"executed_lines": [], "summary": {"covered_lines": 0, "num_statements": 81, "percent_covered": 0.0, "percent_covered_display": "0", "missing_lines": 81, "excluded_lines": 0}, "missing_lines": [1, 2, 3, 4, 5, 6, 7, 8, 11, 13, 41, 43, 44, 46, 47, 48, 50, 52, 53, 54, 60, 63, 64, 65, 66, 67, 69, 72, 73, 75, 76, 78, 79, 81, 86, 87, 89, 92, 94, 96, 99, 102, 123, 126, 127, 128, 131, 132, 133, 136, 142, 143, 146, 159, 160, 162, 164, 172, 180, 181, 182, 185, 187, 190, 193, 197, 203, 208, 215, 216, 218, 220, 221, 222, 223, 224, 225, 226, 228, 229, 231], "excluded_lines": []}}}}, "totals": {"covered_lines": 385, "num_statements": 20621, "percent_covered": 1.8670287570922846, "percent_covered_display": "2", "missing_lines": 20236, "excluded_lines": 4}}