ğŸ” Checking test environment...
âœ… Backend API is running

================================================================================
ğŸ§ª ULTRA-REALISTIC TEST SUITE EXECUTION
================================================================================

============================================================
ğŸ¯ Suite 1: Core Functionality
ğŸ“ Format conversions, ML classification, quality optimization
============================================================

â–¶ï¸  Running test_format_conversions_matrix.py...
  âŒ FAILED: test_format_conversions_matrix.py

â–¶ï¸  Running test_ml_classification_quality.py...
  âŒ FAILED: test_ml_classification_quality.py

ğŸ“Š Suite 1: Core Functionality Summary:
  âœ… Passed: 0
  âŒ Failed: 0
  â­ï¸  Skipped: 0
  â±ï¸  Duration: 0.28s
  âš ï¸  Errors: 2

============================================================
ğŸ¯ Suite 2: Security & Privacy
ğŸ“ Sandboxing, metadata removal, malicious input handling
============================================================

â–¶ï¸  Running test_security_sandboxing_malicious.py...
  âŒ FAILED: test_security_sandboxing_malicious.py

ğŸ“Š Suite 2: Security & Privacy Summary:
  âœ… Passed: 0
  âŒ Failed: 0
  â­ï¸  Skipped: 0
  â±ï¸  Duration: 0.14s
  âš ï¸  Errors: 1

============================================================
ğŸ¯ Suite 3: Concurrency & Performance
ğŸ“ Batch processing, WebSocket, stress testing
============================================================

â–¶ï¸  Running test_batch_websocket_stress.py...
  âŒ FAILED: test_batch_websocket_stress.py

ğŸ“Š Suite 3: Concurrency & Performance Summary:
  âœ… Passed: 0
  âŒ Failed: 0
  â­ï¸  Skipped: 0
  â±ï¸  Duration: 0.15s
  âš ï¸  Errors: 1

============================================================
ğŸ¯ Suite 4: Integration & Edge Cases
ğŸ“ E2E workflows, browser compatibility, filesystem edge cases
============================================================

â–¶ï¸  Running test_e2e_edge_cases.py...
  âŒ FAILED: test_e2e_edge_cases.py

ğŸ“Š Suite 4: Integration & Edge Cases Summary:
  âœ… Passed: 0
  âŒ Failed: 0
  â­ï¸  Skipped: 0
  â±ï¸  Duration: 0.14s
  âš ï¸  Errors: 1

================================================================================
ğŸ“ˆ OVERALL TEST RESULTS
================================================================================

ğŸ¯ Total Tests Run: 0
  âœ… Passed: 0 (0.0%)
  âŒ Failed: 0 (0.0%)
  â­ï¸  Skipped: 0

â±ï¸  Total Duration: 0.70s

ğŸ“Š Success Rate: 0.0%

ğŸ“‹ Suite Breakdown:
  âœ… Suite 1: Core Functionality: 0/0 passed
  âœ… Suite 2: Security & Privacy: 0/0 passed
  âœ… Suite 3: Concurrency & Performance: 0/0 passed
  âœ… Suite 4: Integration & Edge Cases: 0/0 passed

ğŸ’¾ Results saved to test_results.json
