🔍 Checking test environment...
✅ Backend API is running

================================================================================
🧪 ULTRA-REALISTIC TEST SUITE EXECUTION
================================================================================

============================================================
🎯 Suite 1: Core Functionality
📝 Format conversions, ML classification, quality optimization
============================================================

▶️  Running test_format_conversions_matrix.py...
  ❌ FAILED: test_format_conversions_matrix.py

▶️  Running test_ml_classification_quality.py...
  ❌ FAILED: test_ml_classification_quality.py

📊 Suite 1: Core Functionality Summary:
  ✅ Passed: 0
  ❌ Failed: 0
  ⏭️  Skipped: 0
  ⏱️  Duration: 0.28s
  ⚠️  Errors: 2

============================================================
🎯 Suite 2: Security & Privacy
📝 Sandboxing, metadata removal, malicious input handling
============================================================

▶️  Running test_security_sandboxing_malicious.py...
  ❌ FAILED: test_security_sandboxing_malicious.py

📊 Suite 2: Security & Privacy Summary:
  ✅ Passed: 0
  ❌ Failed: 0
  ⏭️  Skipped: 0
  ⏱️  Duration: 0.14s
  ⚠️  Errors: 1

============================================================
🎯 Suite 3: Concurrency & Performance
📝 Batch processing, WebSocket, stress testing
============================================================

▶️  Running test_batch_websocket_stress.py...
  ❌ FAILED: test_batch_websocket_stress.py

📊 Suite 3: Concurrency & Performance Summary:
  ✅ Passed: 0
  ❌ Failed: 0
  ⏭️  Skipped: 0
  ⏱️  Duration: 0.15s
  ⚠️  Errors: 1

============================================================
🎯 Suite 4: Integration & Edge Cases
📝 E2E workflows, browser compatibility, filesystem edge cases
============================================================

▶️  Running test_e2e_edge_cases.py...
  ❌ FAILED: test_e2e_edge_cases.py

📊 Suite 4: Integration & Edge Cases Summary:
  ✅ Passed: 0
  ❌ Failed: 0
  ⏭️  Skipped: 0
  ⏱️  Duration: 0.14s
  ⚠️  Errors: 1

================================================================================
📈 OVERALL TEST RESULTS
================================================================================

🎯 Total Tests Run: 0
  ✅ Passed: 0 (0.0%)
  ❌ Failed: 0 (0.0%)
  ⏭️  Skipped: 0

⏱️  Total Duration: 0.70s

📊 Success Rate: 0.0%

📋 Suite Breakdown:
  ✅ Suite 1: Core Functionality: 0/0 passed
  ✅ Suite 2: Security & Privacy: 0/0 passed
  ✅ Suite 3: Concurrency & Performance: 0/0 passed
  ✅ Suite 4: Integration & Edge Cases: 0/0 passed

💾 Results saved to test_results.json
